#! /c/Source/iverilog-install/bin/vvp
:ivl_version "12.0 (devel)" "(s20150603-1539-g2693dd32b)";
:ivl_delay_selection "TYPICAL";
:vpi_time_precision - 12;
:vpi_module "C:\iverilog\lib\ivl\system.vpi";
:vpi_module "C:\iverilog\lib\ivl\vhdl_sys.vpi";
:vpi_module "C:\iverilog\lib\ivl\vhdl_textio.vpi";
:vpi_module "C:\iverilog\lib\ivl\v2005_math.vpi";
:vpi_module "C:\iverilog\lib\ivl\va_math.vpi";
:vpi_module "C:\iverilog\lib\ivl\v2009.vpi";
S_00000246a36b6a00 .scope package, "$unit" "$unit" 2 1;
 .timescale 0 0;
S_00000246a36b98c0 .scope module, "tb_acq_top" "tb_acq_top" 3 10;
 .timescale -9 -12;
P_00000246a36b9a50 .param/l "ADDR_W" 1 3 16, +C4<00000000000000000000000000000110>;
P_00000246a36b9a88 .param/l "DEPTH" 1 3 14, +C4<00000000000000000000000001000000>;
P_00000246a36b9ac0 .param/l "LEN" 1 3 17, +C4<00000000000000000000000000110000>;
P_00000246a36b9af8 .param/l "N_CH" 1 3 13, +C4<00000000000000000000000000001000>;
P_00000246a36b9b30 .param/l "N_ELEM" 1 3 12, +C4<00000000000000000000000000001000>;
P_00000246a36b9b68 .param/l "SAMPLE_W" 1 3 15, +C4<00000000000000000000000000010000>;
P_00000246a36b9ba0 .param/l "TOTAL" 1 3 18, +C4<00000000000000000000000000110000>;
v00000246a370ecd0_0 .var "acq_delay", 5 0;
v00000246a370d650_0 .var "acq_len", 5 0;
v00000246a370eeb0 .array/s "adc_data", 7 0, 15 0;
v00000246a370dc90_0 .var "adc_valid", 0 0;
v00000246a370e870_0 .net "busy", 0 0, v00000246a36ba810_0;  1 drivers
v00000246a370d510_0 .net "capture_trigger", 0 0, v00000246a36ba9f0_0;  1 drivers
v00000246a370dd30_0 .var/i "ch", 31 0;
v00000246a370d790_0 .var "clk", 0 0;
v00000246a370eff0_0 .net "done", 0 0, v00000246a36baa90_0;  1 drivers
v00000246a370d6f0_0 .var/i "f", 31 0;
v00000246a370d150_0 .var/i "fout", 31 0;
v00000246a370e230_0 .var "frame_taken", 0 0;
v00000246a370e910_0 .net "frame_valid", 0 0, v00000246a36ba1d0_0;  1 drivers
v00000246a370d1f0_0 .var "rd_addr", 5 0;
v00000246a370e370_0 .var "rd_ch", 2 0;
v00000246a370e410_0 .net/s "rd_data", 15 0, v00000246a36ba8b0_0;  1 drivers
v00000246a370ddd0_0 .var "rst_n", 0 0;
v00000246a370e5f0 .array/s "smem", 3071 0, 15 0;
v00000246a370d290_0 .var "start", 0 0;
v00000246a370e690_0 .var/i "t", 31 0;
v00000246a370e050_0 .net "tx_element", 2 0, v00000246a370e4b0_0;  1 drivers
v00000246a370d330_0 .net "tx_fire", 0 0, v00000246a370ea50_0;  1 drivers
S_00000246a367e5a0 .scope module, "dut" "acq_top" 3 35, 4 11 0, S_00000246a36b98c0;
 .timescale -9 -12;
    .port_info 0 /INPUT 1 "clk";
    .port_info 1 /INPUT 1 "rst_n";
    .port_info 2 /INPUT 1 "start";
    .port_info 3 /INPUT 6 "acq_delay";
    .port_info 4 /INPUT 6 "acq_len";
    .port_info 5 /INPUT 1 "adc_valid";
    .port_info 6 /INPUT 128 "adc_data";
    .port_info 7 /INPUT 6 "rd_addr";
    .port_info 8 /INPUT 3 "rd_ch";
    .port_info 9 /OUTPUT 16 "rd_data";
    .port_info 10 /INPUT 1 "frame_taken";
    .port_info 11 /OUTPUT 1 "frame_valid";
    .port_info 12 /OUTPUT 3 "tx_element";
    .port_info 13 /OUTPUT 1 "tx_fire";
    .port_info 14 /OUTPUT 1 "capture_trigger";
    .port_info 15 /OUTPUT 1 "busy";
    .port_info 16 /OUTPUT 1 "done";
P_00000246a367e730 .param/l "ADDR_W" 0 4 16, +C4<00000000000000000000000000000110>;
P_00000246a367e768 .param/l "CH_W" 0 4 17, +C4<00000000000000000000000000000011>;
P_00000246a367e7a0 .param/l "DEPTH" 0 4 14, +C4<00000000000000000000000001000000>;
P_00000246a367e7d8 .param/l "N_CH" 0 4 13, +C4<00000000000000000000000000001000>;
P_00000246a367e810 .param/l "N_ELEM" 0 4 12, +C4<00000000000000000000000000001000>;
P_00000246a367e848 .param/l "SAMPLE_W" 0 4 15, +C4<00000000000000000000000000010000>;
v00000246a370eeb0_0 .array/port v00000246a370eeb0, 0;
L_00000246a369a860 .functor BUFZ 16, v00000246a370eeb0_0, C4<0000000000000000>, C4<0000000000000000>, C4<0000000000000000>;
v00000246a370eeb0_1 .array/port v00000246a370eeb0, 1;
L_00000246a369a160 .functor BUFZ 16, v00000246a370eeb0_1, C4<0000000000000000>, C4<0000000000000000>, C4<0000000000000000>;
v00000246a370eeb0_2 .array/port v00000246a370eeb0, 2;
L_00000246a369a8d0 .functor BUFZ 16, v00000246a370eeb0_2, C4<0000000000000000>, C4<0000000000000000>, C4<0000000000000000>;
v00000246a370eeb0_3 .array/port v00000246a370eeb0, 3;
L_00000246a369a1d0 .functor BUFZ 16, v00000246a370eeb0_3, C4<0000000000000000>, C4<0000000000000000>, C4<0000000000000000>;
v00000246a370eeb0_4 .array/port v00000246a370eeb0, 4;
L_00000246a3699bb0 .functor BUFZ 16, v00000246a370eeb0_4, C4<0000000000000000>, C4<0000000000000000>, C4<0000000000000000>;
v00000246a370eeb0_5 .array/port v00000246a370eeb0, 5;
L_00000246a369a940 .functor BUFZ 16, v00000246a370eeb0_5, C4<0000000000000000>, C4<0000000000000000>, C4<0000000000000000>;
v00000246a370eeb0_6 .array/port v00000246a370eeb0, 6;
L_00000246a3699d70 .functor BUFZ 16, v00000246a370eeb0_6, C4<0000000000000000>, C4<0000000000000000>, C4<0000000000000000>;
v00000246a370eeb0_7 .array/port v00000246a370eeb0, 7;
L_00000246a369a710 .functor BUFZ 16, v00000246a370eeb0_7, C4<0000000000000000>, C4<0000000000000000>, C4<0000000000000000>;
v00000246a370e2d0_0 .net "acq_delay", 5 0, v00000246a370ecd0_0;  1 drivers
v00000246a370d8d0_0 .net "acq_len", 5 0, v00000246a370d650_0;  1 drivers
v00000246a370ef50 .array "adc_data", 7 0;
v00000246a370ef50_0 .net/s v00000246a370ef50 0, 15 0, v00000246a370eeb0_0; 1 drivers
v00000246a370ef50_1 .net/s v00000246a370ef50 1, 15 0, v00000246a370eeb0_1; 1 drivers
v00000246a370ef50_2 .net/s v00000246a370ef50 2, 15 0, v00000246a370eeb0_2; 1 drivers
v00000246a370ef50_3 .net/s v00000246a370ef50 3, 15 0, v00000246a370eeb0_3; 1 drivers
v00000246a370ef50_4 .net/s v00000246a370ef50 4, 15 0, v00000246a370eeb0_4; 1 drivers
v00000246a370ef50_5 .net/s v00000246a370ef50 5, 15 0, v00000246a370eeb0_5; 1 drivers
v00000246a370ef50_6 .net/s v00000246a370ef50 6, 15 0, v00000246a370eeb0_6; 1 drivers
v00000246a370ef50_7 .net/s v00000246a370ef50 7, 15 0, v00000246a370eeb0_7; 1 drivers
v00000246a370e550_0 .net "adc_valid", 0 0, v00000246a370dc90_0;  1 drivers
v00000246a370e730_0 .net "busy", 0 0, v00000246a36ba810_0;  alias, 1 drivers
v00000246a370e0f0_0 .net "cap_done", 0 0, v00000246a36ba950_0;  1 drivers
v00000246a370db50_0 .net "capture_trigger", 0 0, v00000246a36ba9f0_0;  alias, 1 drivers
v00000246a370da10_0 .net "clk", 0 0, v00000246a370d790_0;  1 drivers
v00000246a370ed70_0 .net "done", 0 0, v00000246a36baa90_0;  alias, 1 drivers
v00000246a370e7d0_0 .net "frame_taken", 0 0, v00000246a370e230_0;  1 drivers
v00000246a370e190_0 .net "frame_valid", 0 0, v00000246a36ba1d0_0;  alias, 1 drivers
v00000246a370dbf0_0 .net "rd_addr", 5 0, v00000246a370d1f0_0;  1 drivers
v00000246a370ee10_0 .net "rd_ch", 2 0, v00000246a370e370_0;  1 drivers
v00000246a370de70_0 .net/s "rd_data", 15 0, v00000246a36ba8b0_0;  alias, 1 drivers
v00000246a370eb90_0 .net "rst_n", 0 0, v00000246a370ddd0_0;  1 drivers
v00000246a370ec30_0 .net "start", 0 0, v00000246a370d290_0;  1 drivers
v00000246a370eaf0_0 .net "tx_element", 2 0, v00000246a370e4b0_0;  alias, 1 drivers
v00000246a370e9b0_0 .net "tx_fire", 0 0, v00000246a370ea50_0;  alias, 1 drivers
S_00000246a367e890 .scope module, "u_cap" "rx_capture" 4 53, 5 15 0, S_00000246a367e5a0;
 .timescale -9 -12;
    .port_info 0 /INPUT 1 "clk";
    .port_info 1 /INPUT 1 "rst_n";
    .port_info 2 /INPUT 1 "trigger";
    .port_info 3 /INPUT 6 "acq_delay";
    .port_info 4 /INPUT 6 "acq_len";
    .port_info 5 /INPUT 1 "adc_valid";
    .port_info 6 /INPUT 128 "adc_data";
    .port_info 7 /OUTPUT 1 "done";
    .port_info 8 /INPUT 6 "rd_addr";
    .port_info 9 /INPUT 3 "rd_ch";
    .port_info 10 /OUTPUT 16 "rd_data";
P_00000246a362bd50 .param/l "ADDR_W" 0 5 19, +C4<00000000000000000000000000000110>;
P_00000246a362bd88 .param/l "DEPTH" 0 5 17, +C4<00000000000000000000000001000000>;
P_00000246a362bdc0 .param/l "N_CH" 0 5 16, +C4<00000000000000000000000000001000>;
P_00000246a362bdf8 .param/l "SAMPLE_W" 0 5 18, +C4<00000000000000000000000000010000>;
enum00000246a36a1ec0 .enum4 (2)
   "IDLE" 2'b00,
   "SKIP" 2'b01,
   "CAP" 2'b10
 ;
v00000246a36bab30_0 .net "acq_delay", 5 0, v00000246a370ecd0_0;  alias, 1 drivers
v00000246a36ba270_0 .net "acq_len", 5 0, v00000246a370d650_0;  alias, 1 drivers
v00000246a36ba090 .array "adc_data", 7 0;
v00000246a36ba090_0 .net/s v00000246a36ba090 0, 15 0, L_00000246a369a860; 1 drivers
v00000246a36ba090_1 .net/s v00000246a36ba090 1, 15 0, L_00000246a369a160; 1 drivers
v00000246a36ba090_2 .net/s v00000246a36ba090 2, 15 0, L_00000246a369a8d0; 1 drivers
v00000246a36ba090_3 .net/s v00000246a36ba090 3, 15 0, L_00000246a369a1d0; 1 drivers
v00000246a36ba090_4 .net/s v00000246a36ba090 4, 15 0, L_00000246a3699bb0; 1 drivers
v00000246a36ba090_5 .net/s v00000246a36ba090 5, 15 0, L_00000246a369a940; 1 drivers
v00000246a36ba090_6 .net/s v00000246a36ba090 6, 15 0, L_00000246a3699d70; 1 drivers
v00000246a36ba090_7 .net/s v00000246a36ba090 7, 15 0, L_00000246a369a710; 1 drivers
v00000246a36b9eb0_0 .net "adc_valid", 0 0, v00000246a370dc90_0;  alias, 1 drivers
v00000246a36ba6d0_0 .var/i "ch", 31 0;
v00000246a36ba450_0 .net "clk", 0 0, v00000246a370d790_0;  alias, 1 drivers
v00000246a36ba770_0 .var "cnt", 6 0;
v00000246a36ba950_0 .var "done", 0 0;
v00000246a36ba4f0 .array/s "frame_mem", 511 0, 15 0;
v00000246a36ba3b0_0 .net "rd_addr", 5 0, v00000246a370d1f0_0;  alias, 1 drivers
v00000246a36ba130_0 .net "rd_ch", 2 0, v00000246a370e370_0;  alias, 1 drivers
v00000246a36ba8b0_0 .var/s "rd_data", 15 0;
v00000246a36b9d70_0 .net "rst_n", 0 0, v00000246a370ddd0_0;  alias, 1 drivers
v00000246a36ba310_0 .var "state", 1 0;
v00000246a36ba590_0 .net "trigger", 0 0, v00000246a36ba9f0_0;  alias, 1 drivers
E_00000246a36b1de0/0 .event negedge, v00000246a36b9d70_0;
E_00000246a36b1de0/1 .event posedge, v00000246a36ba450_0;
E_00000246a36b1de0 .event/or E_00000246a36b1de0/0, E_00000246a36b1de0/1;
E_00000246a36b2320 .event posedge, v00000246a36ba450_0;
S_00000246a3694f10 .scope module, "u_seq" "tx_sequencer" 4 47, 6 10 0, S_00000246a367e5a0;
 .timescale -9 -12;
    .port_info 0 /INPUT 1 "clk";
    .port_info 1 /INPUT 1 "rst_n";
    .port_info 2 /INPUT 1 "start";
    .port_info 3 /INPUT 1 "capture_done";
    .port_info 4 /INPUT 1 "frame_taken";
    .port_info 5 /OUTPUT 3 "tx_element";
    .port_info 6 /OUTPUT 1 "tx_fire";
    .port_info 7 /OUTPUT 1 "capture_trigger";
    .port_info 8 /OUTPUT 1 "frame_valid";
    .port_info 9 /OUTPUT 1 "busy";
    .port_info 10 /OUTPUT 1 "done";
P_00000246a36a1740 .param/l "CH_W" 0 6 12, +C4<00000000000000000000000000000011>;
P_00000246a36a1778 .param/l "N_ELEM" 0 6 11, +C4<00000000000000000000000000001000>;
enum00000246a36a1d00 .enum4 (3)
   "IDLE" 3'b000,
   "FIRE" 3'b001,
   "WAITCAP" 3'b010,
   "READOUT" 3'b011,
   "NEXTEL" 3'b100,
   "FINISH" 3'b101
 ;
v00000246a36ba810_0 .var "busy", 0 0;
v00000246a36b9f50_0 .net "capture_done", 0 0, v00000246a36ba950_0;  alias, 1 drivers
v00000246a36ba9f0_0 .var "capture_trigger", 0 0;
v00000246a36ba630_0 .net "clk", 0 0, v00000246a370d790_0;  alias, 1 drivers
v00000246a36baa90_0 .var "done", 0 0;
v00000246a36b9ff0_0 .net "frame_taken", 0 0, v00000246a370e230_0;  alias, 1 drivers
v00000246a36ba1d0_0 .var "frame_valid", 0 0;
v00000246a36b9c30_0 .net "rst_n", 0 0, v00000246a370ddd0_0;  alias, 1 drivers
v00000246a36b9cd0_0 .net "start", 0 0, v00000246a370d290_0;  alias, 1 drivers
v00000246a36b9e10_0 .var "state", 2 0;
v00000246a370e4b0_0 .var "tx_element", 2 0;
v00000246a370ea50_0 .var "tx_fire", 0 0;
    .scope S_00000246a3694f10;
T_0 ;
    %wait E_00000246a36b1de0;
    %load/vec4 v00000246a36b9c30_0;
    %nor/r;
    %flag_set/vec4 8;
    %jmp/0xz  T_0.0, 8;
    %pushi/vec4 0, 0, 3;
    %assign/vec4 v00000246a36b9e10_0, 0;
    %pushi/vec4 0, 0, 3;
    %assign/vec4 v00000246a370e4b0_0, 0;
    %pushi/vec4 0, 0, 1;
    %assign/vec4 v00000246a370ea50_0, 0;
    %pushi/vec4 0, 0, 1;
    %assign/vec4 v00000246a36ba9f0_0, 0;
    %pushi/vec4 0, 0, 1;
    %assign/vec4 v00000246a36ba1d0_0, 0;
    %pushi/vec4 0, 0, 1;
    %assign/vec4 v00000246a36ba810_0, 0;
    %pushi/vec4 0, 0, 1;
    %assign/vec4 v00000246a36baa90_0, 0;
    %jmp T_0.1;
T_0.0 ;
    %pushi/vec4 0, 0, 1;
    %assign/vec4 v00000246a370ea50_0, 0;
    %pushi/vec4 0, 0, 1;
    %assign/vec4 v00000246a36ba9f0_0, 0;
    %pushi/vec4 0, 0, 1;
    %assign/vec4 v00000246a36baa90_0, 0;
    %load/vec4 v00000246a36b9e10_0;
    %dup/vec4;
    %pushi/vec4 0, 0, 3;
    %cmp/u;
    %jmp/1 T_0.2, 6;
    %dup/vec4;
    %pushi/vec4 1, 0, 3;
    %cmp/u;
    %jmp/1 T_0.3, 6;
    %dup/vec4;
    %pushi/vec4 2, 0, 3;
    %cmp/u;
    %jmp/1 T_0.4, 6;
    %dup/vec4;
    %pushi/vec4 3, 0, 3;
    %cmp/u;
    %jmp/1 T_0.5, 6;
    %dup/vec4;
    %pushi/vec4 4, 0, 3;
    %cmp/u;
    %jmp/1 T_0.6, 6;
    %dup/vec4;
    %pushi/vec4 5, 0, 3;
    %cmp/u;
    %jmp/1 T_0.7, 6;
    %pushi/vec4 0, 0, 3;
    %assign/vec4 v00000246a36b9e10_0, 0;
    %jmp T_0.9;
T_0.2 ;
    %pushi/vec4 0, 0, 1;
    %assign/vec4 v00000246a36ba1d0_0, 0;
    %load/vec4 v00000246a36b9cd0_0;
    %flag_set/vec4 8;
    %jmp/0xz  T_0.10, 8;
    %pushi/vec4 0, 0, 3;
    %assign/vec4 v00000246a370e4b0_0, 0;
    %pushi/vec4 1, 0, 1;
    %assign/vec4 v00000246a36ba810_0, 0;
    %pushi/vec4 1, 0, 3;
    %assign/vec4 v00000246a36b9e10_0, 0;
T_0.10 ;
    %jmp T_0.9;
T_0.3 ;
    %pushi/vec4 1, 0, 1;
    %assign/vec4 v00000246a370ea50_0, 0;
    %pushi/vec4 1, 0, 1;
    %assign/vec4 v00000246a36ba9f0_0, 0;
    %pushi/vec4 2, 0, 3;
    %assign/vec4 v00000246a36b9e10_0, 0;
    %jmp T_0.9;
T_0.4 ;
    %load/vec4 v00000246a36b9f50_0;
    %flag_set/vec4 8;
    %jmp/0xz  T_0.12, 8;
    %pushi/vec4 1, 0, 1;
    %assign/vec4 v00000246a36ba1d0_0, 0;
    %pushi/vec4 3, 0, 3;
    %assign/vec4 v00000246a36b9e10_0, 0;
T_0.12 ;
    %jmp T_0.9;
T_0.5 ;
    %load/vec4 v00000246a36b9ff0_0;
    %flag_set/vec4 8;
    %jmp/0xz  T_0.14, 8;
    %pushi/vec4 0, 0, 1;
    %assign/vec4 v00000246a36ba1d0_0, 0;
    %pushi/vec4 4, 0, 3;
    %assign/vec4 v00000246a36b9e10_0, 0;
T_0.14 ;
    %jmp T_0.9;
T_0.6 ;
    %load/vec4 v00000246a370e4b0_0;
    %pad/u 32;
    %cmpi/e 7, 0, 32;
    %jmp/0xz  T_0.16, 4;
    %pushi/vec4 5, 0, 3;
    %assign/vec4 v00000246a36b9e10_0, 0;
    %jmp T_0.17;
T_0.16 ;
    %load/vec4 v00000246a370e4b0_0;
    %addi 1, 0, 3;
    %assign/vec4 v00000246a370e4b0_0, 0;
    %pushi/vec4 1, 0, 3;
    %assign/vec4 v00000246a36b9e10_0, 0;
T_0.17 ;
    %jmp T_0.9;
T_0.7 ;
    %pushi/vec4 1, 0, 1;
    %assign/vec4 v00000246a36baa90_0, 0;
    %pushi/vec4 0, 0, 1;
    %assign/vec4 v00000246a36ba810_0, 0;
    %pushi/vec4 0, 0, 3;
    %assign/vec4 v00000246a36b9e10_0, 0;
    %jmp T_0.9;
T_0.9 ;
    %pop/vec4 1;
T_0.1 ;
    %jmp T_0;
    .thread T_0;
    .scope S_00000246a367e890;
T_1 ;
    %wait E_00000246a36b2320;
    %load/vec4 v00000246a36ba130_0;
    %pad/u 12;
    %pad/u 18;
    %muli 64, 0, 18;
    %pad/u 19;
    %load/vec4 v00000246a36ba3b0_0;
    %pad/u 8;
    %pad/u 19;
    %add;
    %ix/vec4 4;
    %load/vec4a v00000246a36ba4f0, 4;
    %assign/vec4 v00000246a36ba8b0_0, 0;
    %jmp T_1;
    .thread T_1;
    .scope S_00000246a367e890;
T_2 ;
    %wait E_00000246a36b1de0;
    %load/vec4 v00000246a36b9d70_0;
    %nor/r;
    %flag_set/vec4 8;
    %jmp/0xz  T_2.0, 8;
    %pushi/vec4 0, 0, 2;
    %assign/vec4 v00000246a36ba310_0, 0;
    %pushi/vec4 0, 0, 7;
    %assign/vec4 v00000246a36ba770_0, 0;
    %pushi/vec4 0, 0, 1;
    %assign/vec4 v00000246a36ba950_0, 0;
    %jmp T_2.1;
T_2.0 ;
    %pushi/vec4 0, 0, 1;
    %assign/vec4 v00000246a36ba950_0, 0;
    %load/vec4 v00000246a36ba310_0;
    %dup/vec4;
    %pushi/vec4 0, 0, 2;
    %cmp/u;
    %jmp/1 T_2.2, 6;
    %dup/vec4;
    %pushi/vec4 1, 0, 2;
    %cmp/u;
    %jmp/1 T_2.3, 6;
    %dup/vec4;
    %pushi/vec4 2, 0, 2;
    %cmp/u;
    %jmp/1 T_2.4, 6;
    %pushi/vec4 0, 0, 2;
    %assign/vec4 v00000246a36ba310_0, 0;
    %jmp T_2.6;
T_2.2 ;
    %load/vec4 v00000246a36ba590_0;
    %flag_set/vec4 8;
    %jmp/0xz  T_2.7, 8;
    %pushi/vec4 0, 0, 7;
    %assign/vec4 v00000246a36ba770_0, 0;
    %load/vec4 v00000246a36bab30_0;
    %pad/u 32;
    %cmpi/e 0, 0, 32;
    %flag_mov 8, 4;
    %jmp/0 T_2.9, 8;
    %pushi/vec4 2, 0, 2;
    %jmp/1 T_2.10, 8;
T_2.9 ; End of true expr.
    %pushi/vec4 1, 0, 2;
    %jmp/0 T_2.10, 8;
 ; End of false expr.
    %blend;
T_2.10;
    %assign/vec4 v00000246a36ba310_0, 0;
T_2.7 ;
    %jmp T_2.6;
T_2.3 ;
    %load/vec4 v00000246a36b9eb0_0;
    %flag_set/vec4 8;
    %jmp/0xz  T_2.11, 8;
    %load/vec4 v00000246a36ba770_0;
    %pad/u 32;
    %load/vec4 v00000246a36bab30_0;
    %pad/u 32;
    %subi 1, 0, 32;
    %cmp/e;
    %jmp/0xz  T_2.13, 4;
    %pushi/vec4 0, 0, 7;
    %assign/vec4 v00000246a36ba770_0, 0;
    %pushi/vec4 2, 0, 2;
    %assign/vec4 v00000246a36ba310_0, 0;
    %jmp T_2.14;
T_2.13 ;
    %load/vec4 v00000246a36ba770_0;
    %addi 1, 0, 7;
    %assign/vec4 v00000246a36ba770_0, 0;
T_2.14 ;
T_2.11 ;
    %jmp T_2.6;
T_2.4 ;
    %load/vec4 v00000246a36b9eb0_0;
    %flag_set/vec4 8;
    %jmp/0xz  T_2.15, 8;
    %pushi/vec4 0, 0, 32;
    %store/vec4 v00000246a36ba6d0_0, 0, 32;
T_2.17 ;
    %load/vec4 v00000246a36ba6d0_0;
    %cmpi/s 8, 0, 32;
    %jmp/0xz T_2.18, 5;
    %ix/getv/s 4, v00000246a36ba6d0_0;
    %load/vec4a v00000246a36ba090, 4;
    %load/vec4 v00000246a36ba6d0_0;
    %pad/s 39;
    %pad/s 45;
    %muli 64, 0, 45;
    %pad/s 46;
    %load/vec4 v00000246a36ba770_0;
    %parti/s 6, 0, 2;
    %pad/u 8;
    %pad/u 46;
    %add;
    %ix/vec4 3;
    %ix/load 4, 0, 0; Constant delay
    %assign/vec4/a/d v00000246a36ba4f0, 0, 4;
    ; show_stmt_assign_vector: Get l-value for compressed += operand
    %load/vec4 v00000246a36ba6d0_0;
    %pushi/vec4 1, 0, 32;
    %add;
    %store/vec4 v00000246a36ba6d0_0, 0, 32;
    %jmp T_2.17;
T_2.18 ;
    %load/vec4 v00000246a36ba770_0;
    %pad/u 32;
    %load/vec4 v00000246a36ba270_0;
    %pad/u 32;
    %subi 1, 0, 32;
    %cmp/e;
    %jmp/0xz  T_2.19, 4;
    %pushi/vec4 0, 0, 2;
    %assign/vec4 v00000246a36ba310_0, 0;
    %pushi/vec4 1, 0, 1;
    %assign/vec4 v00000246a36ba950_0, 0;
    %jmp T_2.20;
T_2.19 ;
    %load/vec4 v00000246a36ba770_0;
    %addi 1, 0, 7;
    %assign/vec4 v00000246a36ba770_0, 0;
T_2.20 ;
T_2.15 ;
    %jmp T_2.6;
T_2.6 ;
    %pop/vec4 1;
T_2.1 ;
    %jmp T_2;
    .thread T_2;
    .scope S_00000246a36b98c0;
T_3 ;
    %pushi/vec4 0, 0, 1;
    %store/vec4 v00000246a370d790_0, 0, 1;
    %pushi/vec4 0, 0, 1;
    %store/vec4 v00000246a370ddd0_0, 0, 1;
    %end;
    .thread T_3, $init;
    .scope S_00000246a36b98c0;
T_4 ;
    %delay 5000, 0;
    %load/vec4 v00000246a370d790_0;
    %inv;
    %store/vec4 v00000246a370d790_0, 0, 1;
    %jmp T_4;
    .thread T_4;
    .scope S_00000246a36b98c0;
T_5 ;
    %vpi_call/w 3 43 "$readmemh", "acq_samples.hex", v00000246a370e5f0 {0 0 0};
    %vpi_func 3 44 "$fopen" 32, "acq_out.txt", "w" {0 0 0};
    %store/vec4 v00000246a370d150_0, 0, 32;
    %pushi/vec4 0, 0, 1;
    %store/vec4 v00000246a370d290_0, 0, 1;
    %pushi/vec4 0, 0, 1;
    %store/vec4 v00000246a370dc90_0, 0, 1;
    %pushi/vec4 0, 0, 1;
    %store/vec4 v00000246a370e230_0, 0, 1;
    %pushi/vec4 0, 0, 6;
    %store/vec4 v00000246a370ecd0_0, 0, 6;
    %pushi/vec4 48, 0, 6;
    %store/vec4 v00000246a370d650_0, 0, 6;
    %pushi/vec4 0, 0, 6;
    %store/vec4 v00000246a370d1f0_0, 0, 6;
    %pushi/vec4 0, 0, 3;
    %store/vec4 v00000246a370e370_0, 0, 3;
    %pushi/vec4 0, 0, 32;
    %store/vec4 v00000246a370dd30_0, 0, 32;
T_5.0 ;
    %load/vec4 v00000246a370dd30_0;
    %cmpi/s 8, 0, 32;
    %jmp/0xz T_5.1, 5;
    %pushi/vec4 0, 0, 16;
    %ix/getv/s 4, v00000246a370dd30_0;
    %store/vec4a v00000246a370eeb0, 4, 0;
    ; show_stmt_assign_vector: Get l-value for compressed += operand
    %load/vec4 v00000246a370dd30_0;
    %pushi/vec4 1, 0, 32;
    %add;
    %store/vec4 v00000246a370dd30_0, 0, 32;
    %jmp T_5.0;
T_5.1 ;
    %pushi/vec4 3, 0, 32;
T_5.2 %dup/vec4;
    %pushi/vec4 0, 0, 32;
    %cmp/s;
    %jmp/1xz T_5.3, 5;
    %jmp/1 T_5.3, 4;
    %pushi/vec4 1, 0, 32;
    %sub;
    %wait E_00000246a36b2320;
    %jmp T_5.2;
T_5.3 ;
    %pop/vec4 1;
    %pushi/vec4 1, 0, 1;
    %store/vec4 v00000246a370ddd0_0, 0, 1;
    %wait E_00000246a36b2320;
    %pushi/vec4 1, 0, 1;
    %store/vec4 v00000246a370d290_0, 0, 1;
    %wait E_00000246a36b2320;
    %pushi/vec4 0, 0, 1;
    %store/vec4 v00000246a370d290_0, 0, 1;
    %pushi/vec4 0, 0, 32;
    %store/vec4 v00000246a370d6f0_0, 0, 32;
T_5.4 ;
    %load/vec4 v00000246a370d6f0_0;
    %cmpi/s 8, 0, 32;
    %jmp/0xz T_5.5, 5;
T_5.6 ;
    %load/vec4 v00000246a370d510_0;
    %nor/r;
    %flag_set/vec4 8;
    %jmp/0xz T_5.7, 8;
    %wait E_00000246a36b2320;
    %jmp T_5.6;
T_5.7 ;
    %wait E_00000246a36b2320;
    %pushi/vec4 0, 0, 32;
    %store/vec4 v00000246a370e690_0, 0, 32;
T_5.8 ;
    %load/vec4 v00000246a370e690_0;
    %cmpi/s 48, 0, 32;
    %jmp/0xz T_5.9, 5;
    %pushi/vec4 1, 0, 1;
    %store/vec4 v00000246a370dc90_0, 0, 1;
    %pushi/vec4 0, 0, 32;
    %store/vec4 v00000246a370dd30_0, 0, 32;
T_5.10 ;
    %load/vec4 v00000246a370dd30_0;
    %cmpi/s 8, 0, 32;
    %jmp/0xz T_5.11, 5;
    %load/vec4 v00000246a370d6f0_0;
    %muli 8, 0, 32;
    %muli 48, 0, 32;
    %load/vec4 v00000246a370dd30_0;
    %muli 48, 0, 32;
    %add;
    %load/vec4 v00000246a370e690_0;
    %add;
    %ix/vec4/s 4;
    %load/vec4a v00000246a370e5f0, 4;
    %ix/getv/s 4, v00000246a370dd30_0;
    %store/vec4a v00000246a370eeb0, 4, 0;
    ; show_stmt_assign_vector: Get l-value for compressed += operand
    %load/vec4 v00000246a370dd30_0;
    %pushi/vec4 1, 0, 32;
    %add;
    %store/vec4 v00000246a370dd30_0, 0, 32;
    %jmp T_5.10;
T_5.11 ;
    %wait E_00000246a36b2320;
    ; show_stmt_assign_vector: Get l-value for compressed += operand
    %load/vec4 v00000246a370e690_0;
    %pushi/vec4 1, 0, 32;
    %add;
    %store/vec4 v00000246a370e690_0, 0, 32;
    %jmp T_5.8;
T_5.9 ;
    %pushi/vec4 0, 0, 1;
    %store/vec4 v00000246a370dc90_0, 0, 1;
T_5.12 ;
    %load/vec4 v00000246a370e910_0;
    %nor/r;
    %flag_set/vec4 8;
    %jmp/0xz T_5.13, 8;
    %wait E_00000246a36b2320;
    %jmp T_5.12;
T_5.13 ;
    %pushi/vec4 0, 0, 32;
    %store/vec4 v00000246a370dd30_0, 0, 32;
T_5.14 ;
    %load/vec4 v00000246a370dd30_0;
    %cmpi/s 8, 0, 32;
    %jmp/0xz T_5.15, 5;
    %pushi/vec4 0, 0, 32;
    %store/vec4 v00000246a370e690_0, 0, 32;
T_5.16 ;
    %load/vec4 v00000246a370e690_0;
    %cmpi/s 48, 0, 32;
    %jmp/0xz T_5.17, 5;
    %load/vec4 v00000246a370dd30_0;
    %parti/s 3, 0, 2;
    %store/vec4 v00000246a370e370_0, 0, 3;
    %load/vec4 v00000246a370e690_0;
    %parti/s 6, 0, 2;
    %store/vec4 v00000246a370d1f0_0, 0, 6;
    %wait E_00000246a36b2320;
    %wait E_00000246a36b2320;
    %vpi_call/w 3 74 "$fdisplay", v00000246a370d150_0, "%0d", v00000246a370e410_0 {0 0 0};
    ; show_stmt_assign_vector: Get l-value for compressed += operand
    %load/vec4 v00000246a370e690_0;
    %pushi/vec4 1, 0, 32;
    %add;
    %store/vec4 v00000246a370e690_0, 0, 32;
    %jmp T_5.16;
T_5.17 ;
    ; show_stmt_assign_vector: Get l-value for compressed += operand
    %load/vec4 v00000246a370dd30_0;
    %pushi/vec4 1, 0, 32;
    %add;
    %store/vec4 v00000246a370dd30_0, 0, 32;
    %jmp T_5.14;
T_5.15 ;
    %wait E_00000246a36b2320;
    %pushi/vec4 1, 0, 1;
    %store/vec4 v00000246a370e230_0, 0, 1;
    %wait E_00000246a36b2320;
    %pushi/vec4 0, 0, 1;
    %store/vec4 v00000246a370e230_0, 0, 1;
    ; show_stmt_assign_vector: Get l-value for compressed += operand
    %load/vec4 v00000246a370d6f0_0;
    %pushi/vec4 1, 0, 32;
    %add;
    %store/vec4 v00000246a370d6f0_0, 0, 32;
    %jmp T_5.4;
T_5.5 ;
T_5.18 ;
    %load/vec4 v00000246a370eff0_0;
    %nor/r;
    %flag_set/vec4 8;
    %jmp/0xz T_5.19, 8;
    %wait E_00000246a36b2320;
    %jmp T_5.18;
T_5.19 ;
    %vpi_call/w 3 81 "$fclose", v00000246a370d150_0 {0 0 0};
    %vpi_call/w 3 82 "$finish" {0 0 0};
    %end;
    .thread T_5;
# The file index is used to find the file name in the following table.
:file_names 7;
    "N/A";
    "<interactive>";
    "-";
    "C:\Users\Jerome\Documents\GitHub\ring-array-fwi\hardware\fpga\sim\..\tb\tb_acq_top.sv";
    "C:\Users\Jerome\Documents\GitHub\ring-array-fwi\hardware\fpga\sim\..\rtl\acq_top.sv";
    "C:\Users\Jerome\Documents\GitHub\ring-array-fwi\hardware\fpga\sim\..\rtl\rx_capture.sv";
    "C:\Users\Jerome\Documents\GitHub\ring-array-fwi\hardware\fpga\sim\..\rtl\tx_sequencer.sv";
