#! /c/Source/iverilog-install/bin/vvp
:ivl_version "12.0 (devel)" "(s20150603-1539-g2693dd32b)";
:ivl_delay_selection "TYPICAL";
:vpi_time_precision - 12;
:vpi_module "C:\iverilog\lib\ivl\system.vpi";
:vpi_module "C:\iverilog\lib\ivl\vhdl_sys.vpi";
:vpi_module "C:\iverilog\lib\ivl\vhdl_textio.vpi";
:vpi_module "C:\iverilog\lib\ivl\v2005_math.vpi";
:vpi_module "C:\iverilog\lib\ivl\va_math.vpi";
:vpi_module "C:\iverilog\lib\ivl\v2009.vpi";
S_000001ffbdc0bde0 .scope package, "$unit" "$unit" 2 1;
 .timescale 0 0;
S_000001ffbdc0ab50 .scope module, "tb_rx_capture" "tb_rx_capture" 3 10;
 .timescale -9 -12;
P_000001ffbdbee570 .param/l "ADDR_W" 1 3 15, +C4<00000000000000000000000000000110>;
P_000001ffbdbee5a8 .param/l "DEPTH" 1 3 13, +C4<00000000000000000000000001000000>;
P_000001ffbdbee5e0 .param/l "LEN" 1 3 16, +C4<00000000000000000000000000110000>;
P_000001ffbdbee618 .param/l "NFRAMES" 1 3 18, +C4<00000000000000000000000000000100>;
P_000001ffbdbee650 .param/l "N_CH" 1 3 12, +C4<00000000000000000000000000001000>;
P_000001ffbdbee688 .param/l "SAMPLE_W" 1 3 14, +C4<00000000000000000000000000010000>;
P_000001ffbdbee6c0 .param/l "TOTAL" 1 3 17, +C4<00000000000000000000000001000000>;
v000001ffbdc5fc60_0 .array/port v000001ffbdc5fc60, 0;
L_000001ffbdbeed50 .functor BUFZ 16, v000001ffbdc5fc60_0, C4<0000000000000000>, C4<0000000000000000>, C4<0000000000000000>;
v000001ffbdc5fc60_1 .array/port v000001ffbdc5fc60, 1;
L_000001ffbdbef530 .functor BUFZ 16, v000001ffbdc5fc60_1, C4<0000000000000000>, C4<0000000000000000>, C4<0000000000000000>;
v000001ffbdc5fc60_2 .array/port v000001ffbdc5fc60, 2;
L_000001ffbdbef5a0 .functor BUFZ 16, v000001ffbdc5fc60_2, C4<0000000000000000>, C4<0000000000000000>, C4<0000000000000000>;
v000001ffbdc5fc60_3 .array/port v000001ffbdc5fc60, 3;
L_000001ffbdbef610 .functor BUFZ 16, v000001ffbdc5fc60_3, C4<0000000000000000>, C4<0000000000000000>, C4<0000000000000000>;
v000001ffbdc5fc60_4 .array/port v000001ffbdc5fc60, 4;
L_000001ffbdbef680 .functor BUFZ 16, v000001ffbdc5fc60_4, C4<0000000000000000>, C4<0000000000000000>, C4<0000000000000000>;
v000001ffbdc5fc60_5 .array/port v000001ffbdc5fc60, 5;
L_000001ffbdbef6f0 .functor BUFZ 16, v000001ffbdc5fc60_5, C4<0000000000000000>, C4<0000000000000000>, C4<0000000000000000>;
v000001ffbdc5fc60_6 .array/port v000001ffbdc5fc60, 6;
L_000001ffbdbef7d0 .functor BUFZ 16, v000001ffbdc5fc60_6, C4<0000000000000000>, C4<0000000000000000>, C4<0000000000000000>;
v000001ffbdc5fc60_7 .array/port v000001ffbdc5fc60, 7;
L_000001ffbdbef840 .functor BUFZ 16, v000001ffbdc5fc60_7, C4<0000000000000000>, C4<0000000000000000>, C4<0000000000000000>;
v000001ffbdc5f080_0 .var "acq_delay", 5 0;
v000001ffbdc5fa80_0 .var "acq_len", 5 0;
v000001ffbdc5fc60 .array/s "adc_data", 7 0, 15 0;
v000001ffbdc5f260_0 .var "adc_valid", 0 0;
v000001ffbdc5f120_0 .var/i "ch", 31 0;
v000001ffbdc5f1c0_0 .var "clk", 0 0;
v000001ffbdc5f440 .array "dmem", 3 0, 5 0;
v000001ffbdc5ed60_0 .net "done", 0 0, v000001ffbdc5e9f0_0;  1 drivers
v000001ffbdc5f300_0 .var/i "f", 31 0;
v000001ffbdc5f580_0 .var/i "fout", 31 0;
v000001ffbdc5f760_0 .var "rd_addr", 5 0;
v000001ffbdc5f620_0 .var "rd_ch", 2 0;
v000001ffbdc5fb20_0 .net/s "rd_data", 15 0, v000001ffbdc5ec70_0;  1 drivers
v000001ffbdc5efe0_0 .var "rst_n", 0 0;
v000001ffbdc5fbc0 .array/s "smem", 2047 0, 15 0;
v000001ffbdc5f3a0_0 .var/i "t", 31 0;
v000001ffbdc5f6c0_0 .var "trigger", 0 0;
S_000001ffbdbee700 .scope module, "dut" "rx_capture" 3 33, 4 15 0, S_000001ffbdc0ab50;
 .timescale -9 -12;
    .port_info 0 /INPUT 1 "clk";
    .port_info 1 /INPUT 1 "rst_n";
    .port_info 2 /INPUT 1 "trigger";
    .port_info 3 /INPUT 6 "acq_delay";
    .port_info 4 /INPUT 6 "acq_len";
    .port_info 5 /INPUT 1 "adc_valid";
    .port_info 6 /INPUT 128 "adc_data";
    .port_info 7 /OUTPUT 1 "done";
    .port_info 8 /INPUT 6 "rd_addr";
    .port_info 9 /INPUT 3 "rd_ch";
    .port_info 10 /OUTPUT 16 "rd_data";
P_000001ffbdc0ace0 .param/l "ADDR_W" 0 4 19, +C4<00000000000000000000000000000110>;
P_000001ffbdc0ad18 .param/l "DEPTH" 0 4 17, +C4<00000000000000000000000001000000>;
P_000001ffbdc0ad50 .param/l "N_CH" 0 4 16, +C4<00000000000000000000000000001000>;
P_000001ffbdc0ad88 .param/l "SAMPLE_W" 0 4 18, +C4<00000000000000000000000000010000>;
enum000001ffbdbfddc0 .enum4 (2)
   "IDLE" 2'b00,
   "SKIP" 2'b01,
   "CAP" 2'b10
 ;
v000001ffbdbb3330_0 .net "acq_delay", 5 0, v000001ffbdc5f080_0;  1 drivers
v000001ffbdbb2d50_0 .net "acq_len", 5 0, v000001ffbdc5fa80_0;  1 drivers
v000001ffbdc06510 .array "adc_data", 7 0;
v000001ffbdc06510_0 .net/s v000001ffbdc06510 0, 15 0, L_000001ffbdbeed50; 1 drivers
v000001ffbdc06510_1 .net/s v000001ffbdc06510 1, 15 0, L_000001ffbdbef530; 1 drivers
v000001ffbdc06510_2 .net/s v000001ffbdc06510 2, 15 0, L_000001ffbdbef5a0; 1 drivers
v000001ffbdc06510_3 .net/s v000001ffbdc06510 3, 15 0, L_000001ffbdbef610; 1 drivers
v000001ffbdc06510_4 .net/s v000001ffbdc06510 4, 15 0, L_000001ffbdbef680; 1 drivers
v000001ffbdc06510_5 .net/s v000001ffbdc06510 5, 15 0, L_000001ffbdbef6f0; 1 drivers
v000001ffbdc06510_6 .net/s v000001ffbdc06510 6, 15 0, L_000001ffbdbef7d0; 1 drivers
v000001ffbdc06510_7 .net/s v000001ffbdc06510 7, 15 0, L_000001ffbdbef840; 1 drivers
v000001ffbdbee890_0 .net "adc_valid", 0 0, v000001ffbdc5f260_0;  1 drivers
v000001ffbdbee930_0 .var/i "ch", 31 0;
v000001ffbdc5e8b0_0 .net "clk", 0 0, v000001ffbdc5f1c0_0;  1 drivers
v000001ffbdc5e950_0 .var "cnt", 6 0;
v000001ffbdc5e9f0_0 .var "done", 0 0;
v000001ffbdc5ea90 .array/s "frame_mem", 511 0, 15 0;
v000001ffbdc5eb30_0 .net "rd_addr", 5 0, v000001ffbdc5f760_0;  1 drivers
v000001ffbdc5ebd0_0 .net "rd_ch", 2 0, v000001ffbdc5f620_0;  1 drivers
v000001ffbdc5ec70_0 .var/s "rd_data", 15 0;
v000001ffbdc5f8a0_0 .net "rst_n", 0 0, v000001ffbdc5efe0_0;  1 drivers
v000001ffbdc5ee00_0 .var "state", 1 0;
v000001ffbdc5f9e0_0 .net "trigger", 0 0, v000001ffbdc5f6c0_0;  1 drivers
E_000001ffbdc07cd0/0 .event negedge, v000001ffbdc5f8a0_0;
E_000001ffbdc07cd0/1 .event posedge, v000001ffbdc5e8b0_0;
E_000001ffbdc07cd0 .event/or E_000001ffbdc07cd0/0, E_000001ffbdc07cd0/1;
E_000001ffbdc07f10 .event posedge, v000001ffbdc5e8b0_0;
    .scope S_000001ffbdbee700;
T_0 ;
    %wait E_000001ffbdc07f10;
    %load/vec4 v000001ffbdc5ebd0_0;
    %pad/u 12;
    %pad/u 18;
    %muli 64, 0, 18;
    %pad/u 19;
    %load/vec4 v000001ffbdc5eb30_0;
    %pad/u 8;
    %pad/u 19;
    %add;
    %ix/vec4 4;
    %load/vec4a v000001ffbdc5ea90, 4;
    %assign/vec4 v000001ffbdc5ec70_0, 0;
    %jmp T_0;
    .thread T_0;
    .scope S_000001ffbdbee700;
T_1 ;
    %wait E_000001ffbdc07cd0;
    %load/vec4 v000001ffbdc5f8a0_0;
    %nor/r;
    %flag_set/vec4 8;
    %jmp/0xz  T_1.0, 8;
    %pushi/vec4 0, 0, 2;
    %assign/vec4 v000001ffbdc5ee00_0, 0;
    %pushi/vec4 0, 0, 7;
    %assign/vec4 v000001ffbdc5e950_0, 0;
    %pushi/vec4 0, 0, 1;
    %assign/vec4 v000001ffbdc5e9f0_0, 0;
    %jmp T_1.1;
T_1.0 ;
    %pushi/vec4 0, 0, 1;
    %assign/vec4 v000001ffbdc5e9f0_0, 0;
    %load/vec4 v000001ffbdc5ee00_0;
    %dup/vec4;
    %pushi/vec4 0, 0, 2;
    %cmp/u;
    %jmp/1 T_1.2, 6;
    %dup/vec4;
    %pushi/vec4 1, 0, 2;
    %cmp/u;
    %jmp/1 T_1.3, 6;
    %dup/vec4;
    %pushi/vec4 2, 0, 2;
    %cmp/u;
    %jmp/1 T_1.4, 6;
    %pushi/vec4 0, 0, 2;
    %assign/vec4 v000001ffbdc5ee00_0, 0;
    %jmp T_1.6;
T_1.2 ;
    %load/vec4 v000001ffbdc5f9e0_0;
    %flag_set/vec4 8;
    %jmp/0xz  T_1.7, 8;
    %pushi/vec4 0, 0, 7;
    %assign/vec4 v000001ffbdc5e950_0, 0;
    %load/vec4 v000001ffbdbb3330_0;
    %pad/u 32;
    %cmpi/e 0, 0, 32;
    %flag_mov 8, 4;
    %jmp/0 T_1.9, 8;
    %pushi/vec4 2, 0, 2;
    %jmp/1 T_1.10, 8;
T_1.9 ; End of true expr.
    %pushi/vec4 1, 0, 2;
    %jmp/0 T_1.10, 8;
 ; End of false expr.
    %blend;
T_1.10;
    %assign/vec4 v000001ffbdc5ee00_0, 0;
T_1.7 ;
    %jmp T_1.6;
T_1.3 ;
    %load/vec4 v000001ffbdbee890_0;
    %flag_set/vec4 8;
    %jmp/0xz  T_1.11, 8;
    %load/vec4 v000001ffbdc5e950_0;
    %pad/u 32;
    %load/vec4 v000001ffbdbb3330_0;
    %pad/u 32;
    %subi 1, 0, 32;
    %cmp/e;
    %jmp/0xz  T_1.13, 4;
    %pushi/vec4 0, 0, 7;
    %assign/vec4 v000001ffbdc5e950_0, 0;
    %pushi/vec4 2, 0, 2;
    %assign/vec4 v000001ffbdc5ee00_0, 0;
    %jmp T_1.14;
T_1.13 ;
    %load/vec4 v000001ffbdc5e950_0;
    %addi 1, 0, 7;
    %assign/vec4 v000001ffbdc5e950_0, 0;
T_1.14 ;
T_1.11 ;
    %jmp T_1.6;
T_1.4 ;
    %load/vec4 v000001ffbdbee890_0;
    %flag_set/vec4 8;
    %jmp/0xz  T_1.15, 8;
    %pushi/vec4 0, 0, 32;
    %store/vec4 v000001ffbdbee930_0, 0, 32;
T_1.17 ;
    %load/vec4 v000001ffbdbee930_0;
    %cmpi/s 8, 0, 32;
    %jmp/0xz T_1.18, 5;
    %ix/getv/s 4, v000001ffbdbee930_0;
    %load/vec4a v000001ffbdc06510, 4;
    %load/vec4 v000001ffbdbee930_0;
    %pad/s 39;
    %pad/s 45;
    %muli 64, 0, 45;
    %pad/s 46;
    %load/vec4 v000001ffbdc5e950_0;
    %parti/s 6, 0, 2;
    %pad/u 8;
    %pad/u 46;
    %add;
    %ix/vec4 3;
    %ix/load 4, 0, 0; Constant delay
    %assign/vec4/a/d v000001ffbdc5ea90, 0, 4;
    ; show_stmt_assign_vector: Get l-value for compressed += operand
    %load/vec4 v000001ffbdbee930_0;
    %pushi/vec4 1, 0, 32;
    %add;
    %store/vec4 v000001ffbdbee930_0, 0, 32;
    %jmp T_1.17;
T_1.18 ;
    %load/vec4 v000001ffbdc5e950_0;
    %pad/u 32;
    %load/vec4 v000001ffbdbb2d50_0;
    %pad/u 32;
    %subi 1, 0, 32;
    %cmp/e;
    %jmp/0xz  T_1.19, 4;
    %pushi/vec4 0, 0, 2;
    %assign/vec4 v000001ffbdc5ee00_0, 0;
    %pushi/vec4 1, 0, 1;
    %assign/vec4 v000001ffbdc5e9f0_0, 0;
    %jmp T_1.20;
T_1.19 ;
    %load/vec4 v000001ffbdc5e950_0;
    %addi 1, 0, 7;
    %assign/vec4 v000001ffbdc5e950_0, 0;
T_1.20 ;
T_1.15 ;
    %jmp T_1.6;
T_1.6 ;
    %pop/vec4 1;
T_1.1 ;
    %jmp T_1;
    .thread T_1;
    .scope S_000001ffbdc0ab50;
T_2 ;
    %pushi/vec4 0, 0, 1;
    %store/vec4 v000001ffbdc5f1c0_0, 0, 1;
    %pushi/vec4 0, 0, 1;
    %store/vec4 v000001ffbdc5efe0_0, 0, 1;
    %end;
    .thread T_2, $init;
    .scope S_000001ffbdc0ab50;
T_3 ;
    %delay 5000, 0;
    %load/vec4 v000001ffbdc5f1c0_0;
    %inv;
    %store/vec4 v000001ffbdc5f1c0_0, 0, 1;
    %jmp T_3;
    .thread T_3;
    .scope S_000001ffbdc0ab50;
T_4 ;
    %vpi_call/w 3 42 "$readmemh", "cap_samples.hex", v000001ffbdc5fbc0 {0 0 0};
    %vpi_call/w 3 43 "$readmemh", "cap_delays.hex", v000001ffbdc5f440 {0 0 0};
    %vpi_func 3 44 "$fopen" 32, "cap_out.txt", "w" {0 0 0};
    %store/vec4 v000001ffbdc5f580_0, 0, 32;
    %pushi/vec4 0, 0, 1;
    %store/vec4 v000001ffbdc5f6c0_0, 0, 1;
    %pushi/vec4 0, 0, 1;
    %store/vec4 v000001ffbdc5f260_0, 0, 1;
    %pushi/vec4 48, 0, 6;
    %store/vec4 v000001ffbdc5fa80_0, 0, 6;
    %pushi/vec4 0, 0, 32;
    %store/vec4 v000001ffbdc5f120_0, 0, 32;
T_4.0 ;
    %load/vec4 v000001ffbdc5f120_0;
    %cmpi/s 8, 0, 32;
    %jmp/0xz T_4.1, 5;
    %pushi/vec4 0, 0, 16;
    %ix/getv/s 4, v000001ffbdc5f120_0;
    %store/vec4a v000001ffbdc5fc60, 4, 0;
    ; show_stmt_assign_vector: Get l-value for compressed += operand
    %load/vec4 v000001ffbdc5f120_0;
    %pushi/vec4 1, 0, 32;
    %add;
    %store/vec4 v000001ffbdc5f120_0, 0, 32;
    %jmp T_4.0;
T_4.1 ;
    %pushi/vec4 3, 0, 32;
T_4.2 %dup/vec4;
    %pushi/vec4 0, 0, 32;
    %cmp/s;
    %jmp/1xz T_4.3, 5;
    %jmp/1 T_4.3, 4;
    %pushi/vec4 1, 0, 32;
    %sub;
    %wait E_000001ffbdc07f10;
    %jmp T_4.2;
T_4.3 ;
    %pop/vec4 1;
    %pushi/vec4 1, 0, 1;
    %store/vec4 v000001ffbdc5efe0_0, 0, 1;
    %wait E_000001ffbdc07f10;
    %pushi/vec4 0, 0, 32;
    %store/vec4 v000001ffbdc5f300_0, 0, 32;
T_4.4 ;
    %load/vec4 v000001ffbdc5f300_0;
    %cmpi/s 4, 0, 32;
    %jmp/0xz T_4.5, 5;
    %ix/getv/s 4, v000001ffbdc5f300_0;
    %load/vec4a v000001ffbdc5f440, 4;
    %store/vec4 v000001ffbdc5f080_0, 0, 6;
    %wait E_000001ffbdc07f10;
    %pushi/vec4 1, 0, 1;
    %store/vec4 v000001ffbdc5f6c0_0, 0, 1;
    %wait E_000001ffbdc07f10;
    %pushi/vec4 0, 0, 1;
    %store/vec4 v000001ffbdc5f6c0_0, 0, 1;
    %pushi/vec4 0, 0, 32;
    %store/vec4 v000001ffbdc5f3a0_0, 0, 32;
T_4.6 ;
    %load/vec4 v000001ffbdc5f3a0_0;
    %cmpi/s 64, 0, 32;
    %jmp/0xz T_4.7, 5;
    %pushi/vec4 1, 0, 1;
    %store/vec4 v000001ffbdc5f260_0, 0, 1;
    %pushi/vec4 0, 0, 32;
    %store/vec4 v000001ffbdc5f120_0, 0, 32;
T_4.8 ;
    %load/vec4 v000001ffbdc5f120_0;
    %cmpi/s 8, 0, 32;
    %jmp/0xz T_4.9, 5;
    %load/vec4 v000001ffbdc5f300_0;
    %muli 8, 0, 32;
    %muli 64, 0, 32;
    %load/vec4 v000001ffbdc5f120_0;
    %muli 64, 0, 32;
    %add;
    %load/vec4 v000001ffbdc5f3a0_0;
    %add;
    %ix/vec4/s 4;
    %load/vec4a v000001ffbdc5fbc0, 4;
    %ix/getv/s 4, v000001ffbdc5f120_0;
    %store/vec4a v000001ffbdc5fc60, 4, 0;
    ; show_stmt_assign_vector: Get l-value for compressed += operand
    %load/vec4 v000001ffbdc5f120_0;
    %pushi/vec4 1, 0, 32;
    %add;
    %store/vec4 v000001ffbdc5f120_0, 0, 32;
    %jmp T_4.8;
T_4.9 ;
    %wait E_000001ffbdc07f10;
    ; show_stmt_assign_vector: Get l-value for compressed += operand
    %load/vec4 v000001ffbdc5f3a0_0;
    %pushi/vec4 1, 0, 32;
    %add;
    %store/vec4 v000001ffbdc5f3a0_0, 0, 32;
    %jmp T_4.6;
T_4.7 ;
    %pushi/vec4 0, 0, 1;
    %store/vec4 v000001ffbdc5f260_0, 0, 1;
    %pushi/vec4 0, 0, 32;
    %store/vec4 v000001ffbdc5f120_0, 0, 32;
T_4.10 ;
    %load/vec4 v000001ffbdc5f120_0;
    %cmpi/s 8, 0, 32;
    %jmp/0xz T_4.11, 5;
    %pushi/vec4 0, 0, 32;
    %store/vec4 v000001ffbdc5f3a0_0, 0, 32;
T_4.12 ;
    %load/vec4 v000001ffbdc5f3a0_0;
    %cmpi/s 48, 0, 32;
    %jmp/0xz T_4.13, 5;
    %load/vec4 v000001ffbdc5f120_0;
    %parti/s 3, 0, 2;
    %store/vec4 v000001ffbdc5f620_0, 0, 3;
    %load/vec4 v000001ffbdc5f3a0_0;
    %parti/s 6, 0, 2;
    %store/vec4 v000001ffbdc5f760_0, 0, 6;
    %wait E_000001ffbdc07f10;
    %wait E_000001ffbdc07f10;
    %vpi_call/w 3 69 "$fdisplay", v000001ffbdc5f580_0, "%0d", v000001ffbdc5fb20_0 {0 0 0};
    ; show_stmt_assign_vector: Get l-value for compressed += operand
    %load/vec4 v000001ffbdc5f3a0_0;
    %pushi/vec4 1, 0, 32;
    %add;
    %store/vec4 v000001ffbdc5f3a0_0, 0, 32;
    %jmp T_4.12;
T_4.13 ;
    ; show_stmt_assign_vector: Get l-value for compressed += operand
    %load/vec4 v000001ffbdc5f120_0;
    %pushi/vec4 1, 0, 32;
    %add;
    %store/vec4 v000001ffbdc5f120_0, 0, 32;
    %jmp T_4.10;
T_4.11 ;
    ; show_stmt_assign_vector: Get l-value for compressed += operand
    %load/vec4 v000001ffbdc5f300_0;
    %pushi/vec4 1, 0, 32;
    %add;
    %store/vec4 v000001ffbdc5f300_0, 0, 32;
    %jmp T_4.4;
T_4.5 ;
    %vpi_call/w 3 74 "$fclose", v000001ffbdc5f580_0 {0 0 0};
    %vpi_call/w 3 75 "$finish" {0 0 0};
    %end;
    .thread T_4;
# The file index is used to find the file name in the following table.
:file_names 5;
    "N/A";
    "<interactive>";
    "-";
    "C:\Users\Jerome\Documents\GitHub\ring-array-fwi\hardware\fpga\sim\..\tb\tb_rx_capture.sv";
    "C:\Users\Jerome\Documents\GitHub\ring-array-fwi\hardware\fpga\sim\..\rtl\rx_capture.sv";
