#! /c/Source/iverilog-install/bin/vvp
:ivl_version "12.0 (devel)" "(s20150603-1539-g2693dd32b)";
:ivl_delay_selection "TYPICAL";
:vpi_time_precision - 12;
:vpi_module "C:\iverilog\lib\ivl\system.vpi";
:vpi_module "C:\iverilog\lib\ivl\vhdl_sys.vpi";
:vpi_module "C:\iverilog\lib\ivl\vhdl_textio.vpi";
:vpi_module "C:\iverilog\lib\ivl\v2005_math.vpi";
:vpi_module "C:\iverilog\lib\ivl\va_math.vpi";
:vpi_module "C:\iverilog\lib\ivl\v2009.vpi";
S_000001e38eead960 .scope package, "$unit" "$unit" 2 1;
 .timescale 0 0;
S_000001e38eeadaf0 .scope module, "tb_tx_pulser" "tb_tx_pulser" 3 5;
 .timescale -9 -12;
P_000001e38eeb68c0 .param/l "COUNT_W" 1 3 8, +C4<00000000000000000000000000000110>;
P_000001e38eeb68f8 .param/l "DEAD" 1 3 11, +C4<00000000000000000000000000000010>;
P_000001e38eeb6930 .param/l "HALF" 1 3 9, +C4<00000000000000000000000000001000>;
P_000001e38eeb6968 .param/l "NHC" 1 3 10, +C4<00000000000000000000000000000110>;
P_000001e38eeb69a0 .param/l "PERIOD_W" 1 3 7, +C4<00000000000000000000000000001000>;
v000001e38ef13fb0_0 .var/i "arg_dead", 31 0;
v000001e38ef140f0_0 .var/i "arg_half", 31 0;
v000001e38ef13d30_0 .var/i "arg_nhc", 31 0;
v000001e38ef14410_0 .net "busy", 0 0, L_000001e38ef138d0;  1 drivers
v000001e38ef13bf0_0 .var "clk", 0 0;
v000001e38ef13510_0 .var "dead_time", 7 0;
v000001e38ef13970_0 .net "done", 0 0, v000001e38ee72b50_0;  1 drivers
v000001e38ef136f0_0 .var "fire", 0 0;
v000001e38ef13c90_0 .var/i "fout", 31 0;
v000001e38ef13dd0_0 .var "half_period", 7 0;
v000001e38ef13f10_0 .var "n_halfcycles", 5 0;
v000001e38ef142d0_0 .net "pulse_n", 0 0, v000001e38ef135b0_0;  1 drivers
v000001e38ef13650_0 .net "pulse_p", 0 0, v000001e38ef13b50_0;  1 drivers
v000001e38ef13790_0 .var "rst_n", 0 0;
E_000001e38eebb440 .event posedge, v000001e38eebfde0_0;
S_000001e38ee729c0 .scope module, "dut" "tx_pulser" 3 21, 4 13 0, S_000001e38eeadaf0;
 .timescale -9 -12;
    .port_info 0 /INPUT 1 "clk";
    .port_info 1 /INPUT 1 "rst_n";
    .port_info 2 /INPUT 1 "fire";
    .port_info 3 /INPUT 8 "half_period";
    .port_info 4 /INPUT 6 "n_halfcycles";
    .port_info 5 /INPUT 8 "dead_time";
    .port_info 6 /OUTPUT 1 "pulse_p";
    .port_info 7 /OUTPUT 1 "pulse_n";
    .port_info 8 /OUTPUT 1 "busy";
    .port_info 9 /OUTPUT 1 "done";
P_000001e38ee73180 .param/l "COUNT_W" 0 4 15, +C4<00000000000000000000000000000110>;
P_000001e38ee731b8 .param/l "PERIOD_W" 0 4 14, +C4<00000000000000000000000000001000>;
enum000001e38ef790c0 .enum4 (2)
   "IDLE" 2'b00,
   "RUN" 2'b01,
   "FIN" 2'b10
 ;
L_000001e38ef144d8 .functor BUFT 1, C4<01>, C4<0>, C4<0>, C4<0>;
v000001e38eec0450_0 .net/2u *"_ivl_2", 1 0, L_000001e38ef144d8;  1 drivers
v000001e38eec1500_0 .net "busy", 0 0, L_000001e38ef138d0;  alias, 1 drivers
v000001e38eebfde0_0 .net "clk", 0 0, v000001e38ef13bf0_0;  1 drivers
v000001e38eea6c20_0 .var "cnt", 7 0;
v000001e38eec0270_0 .net "dead_time", 7 0, v000001e38ef13510_0;  1 drivers
v000001e38ee72b50_0 .var "done", 0 0;
v000001e38ee72bf0_0 .net "fire", 0 0, v000001e38ef136f0_0;  1 drivers
v000001e38ee72c90_0 .net "half_period", 7 0, v000001e38ef13dd0_0;  1 drivers
v000001e38ee72d30_0 .var "hc", 5 0;
v000001e38ef14050_0 .net "hc_odd", 0 0, L_000001e38ef13830;  1 drivers
v000001e38ef13e70_0 .net "n_halfcycles", 5 0, v000001e38ef13f10_0;  1 drivers
v000001e38ef135b0_0 .var "pulse_n", 0 0;
v000001e38ef13b50_0 .var "pulse_p", 0 0;
v000001e38ef13ab0_0 .net "rst_n", 0 0, v000001e38ef13790_0;  1 drivers
v000001e38ef14190_0 .var "state", 1 0;
E_000001e38eeba7c0/0 .event negedge, v000001e38ef13ab0_0;
E_000001e38eeba7c0/1 .event posedge, v000001e38eebfde0_0;
E_000001e38eeba7c0 .event/or E_000001e38eeba7c0/0, E_000001e38eeba7c0/1;
E_000001e38eebb600 .event anyedge, v000001e38ef14190_0, v000001e38eea6c20_0, v000001e38eec0270_0, v000001e38ef14050_0;
L_000001e38ef13830 .part v000001e38ee72d30_0, 0, 1;
L_000001e38ef138d0 .cmp/eq 2, v000001e38ef14190_0, L_000001e38ef144d8;
    .scope S_000001e38ee729c0;
T_0 ;
Ewait_0 .event/or E_000001e38eebb600, E_0x0;
    %wait Ewait_0;
    %pushi/vec4 0, 0, 1;
    %store/vec4 v000001e38ef13b50_0, 0, 1;
    %pushi/vec4 0, 0, 1;
    %store/vec4 v000001e38ef135b0_0, 0, 1;
    %load/vec4 v000001e38ef14190_0;
    %cmpi/e 1, 0, 2;
    %flag_get/vec4 4;
    %jmp/0 T_0.2, 4;
    %load/vec4 v000001e38eec0270_0;
    %load/vec4 v000001e38eea6c20_0;
    %cmp/u;
    %flag_get/vec4 4;
    %flag_get/vec4 5;
    %or;
    %and;
T_0.2;
    %flag_set/vec4 8;
    %jmp/0xz  T_0.0, 8;
    %load/vec4 v000001e38ef14050_0;
    %inv;
    %store/vec4 v000001e38ef13b50_0, 0, 1;
    %load/vec4 v000001e38ef14050_0;
    %store/vec4 v000001e38ef135b0_0, 0, 1;
T_0.0 ;
    %jmp T_0;
    .thread T_0, $push;
    .scope S_000001e38ee729c0;
T_1 ;
    %wait E_000001e38eeba7c0;
    %load/vec4 v000001e38ef13ab0_0;
    %nor/r;
    %flag_set/vec4 8;
    %jmp/0xz  T_1.0, 8;
    %pushi/vec4 0, 0, 2;
    %assign/vec4 v000001e38ef14190_0, 0;
    %pushi/vec4 0, 0, 6;
    %assign/vec4 v000001e38ee72d30_0, 0;
    %pushi/vec4 0, 0, 8;
    %assign/vec4 v000001e38eea6c20_0, 0;
    %pushi/vec4 0, 0, 1;
    %assign/vec4 v000001e38ee72b50_0, 0;
    %jmp T_1.1;
T_1.0 ;
    %pushi/vec4 0, 0, 1;
    %assign/vec4 v000001e38ee72b50_0, 0;
    %load/vec4 v000001e38ef14190_0;
    %dup/vec4;
    %pushi/vec4 0, 0, 2;
    %cmp/u;
    %jmp/1 T_1.2, 6;
    %dup/vec4;
    %pushi/vec4 1, 0, 2;
    %cmp/u;
    %jmp/1 T_1.3, 6;
    %dup/vec4;
    %pushi/vec4 2, 0, 2;
    %cmp/u;
    %jmp/1 T_1.4, 6;
    %pushi/vec4 0, 0, 2;
    %assign/vec4 v000001e38ef14190_0, 0;
    %jmp T_1.6;
T_1.2 ;
    %load/vec4 v000001e38ee72bf0_0;
    %flag_set/vec4 8;
    %jmp/0xz  T_1.7, 8;
    %pushi/vec4 0, 0, 6;
    %assign/vec4 v000001e38ee72d30_0, 0;
    %pushi/vec4 0, 0, 8;
    %assign/vec4 v000001e38eea6c20_0, 0;
    %pushi/vec4 1, 0, 2;
    %assign/vec4 v000001e38ef14190_0, 0;
T_1.7 ;
    %jmp T_1.6;
T_1.3 ;
    %load/vec4 v000001e38eea6c20_0;
    %pad/u 32;
    %load/vec4 v000001e38ee72c90_0;
    %pad/u 32;
    %subi 1, 0, 32;
    %cmp/e;
    %jmp/0xz  T_1.9, 4;
    %pushi/vec4 0, 0, 8;
    %assign/vec4 v000001e38eea6c20_0, 0;
    %load/vec4 v000001e38ee72d30_0;
    %pad/u 32;
    %load/vec4 v000001e38ef13e70_0;
    %pad/u 32;
    %subi 1, 0, 32;
    %cmp/e;
    %jmp/0xz  T_1.11, 4;
    %pushi/vec4 2, 0, 2;
    %assign/vec4 v000001e38ef14190_0, 0;
    %jmp T_1.12;
T_1.11 ;
    %load/vec4 v000001e38ee72d30_0;
    %addi 1, 0, 6;
    %assign/vec4 v000001e38ee72d30_0, 0;
T_1.12 ;
    %jmp T_1.10;
T_1.9 ;
    %load/vec4 v000001e38eea6c20_0;
    %addi 1, 0, 8;
    %assign/vec4 v000001e38eea6c20_0, 0;
T_1.10 ;
    %jmp T_1.6;
T_1.4 ;
    %pushi/vec4 1, 0, 1;
    %assign/vec4 v000001e38ee72b50_0, 0;
    %pushi/vec4 0, 0, 2;
    %assign/vec4 v000001e38ef14190_0, 0;
    %jmp T_1.6;
T_1.6 ;
    %pop/vec4 1;
T_1.1 ;
    %jmp T_1;
    .thread T_1;
    .scope S_000001e38eeadaf0;
T_2 ;
    %pushi/vec4 0, 0, 1;
    %store/vec4 v000001e38ef13bf0_0, 0, 1;
    %pushi/vec4 0, 0, 1;
    %store/vec4 v000001e38ef13790_0, 0, 1;
    %end;
    .thread T_2, $init;
    .scope S_000001e38eeadaf0;
T_3 ;
    %delay 5000, 0;
    %load/vec4 v000001e38ef13bf0_0;
    %inv;
    %store/vec4 v000001e38ef13bf0_0, 0, 1;
    %jmp T_3;
    .thread T_3;
    .scope S_000001e38eeadaf0;
T_4 ;
    %vpi_func 3 28 "$fopen" 32, "pulser_out.txt", "w" {0 0 0};
    %store/vec4 v000001e38ef13c90_0, 0, 32;
    %pushi/vec4 0, 0, 1;
    %store/vec4 v000001e38ef136f0_0, 0, 1;
    %vpi_func 3 30 "$value$plusargs" 32, "HALF=%d", v000001e38ef140f0_0 {0 0 0};
    %nor/r;
    %flag_set/vec4 8;
    %jmp/0xz  T_4.0, 8;
    %pushi/vec4 8, 0, 32;
    %store/vec4 v000001e38ef140f0_0, 0, 32;
T_4.0 ;
    %vpi_func 3 31 "$value$plusargs" 32, "NHC=%d", v000001e38ef13d30_0 {0 0 0};
    %nor/r;
    %flag_set/vec4 8;
    %jmp/0xz  T_4.2, 8;
    %pushi/vec4 6, 0, 32;
    %store/vec4 v000001e38ef13d30_0, 0, 32;
T_4.2 ;
    %vpi_func 3 32 "$value$plusargs" 32, "DEAD=%d", v000001e38ef13fb0_0 {0 0 0};
    %nor/r;
    %flag_set/vec4 8;
    %jmp/0xz  T_4.4, 8;
    %pushi/vec4 2, 0, 32;
    %store/vec4 v000001e38ef13fb0_0, 0, 32;
T_4.4 ;
    %load/vec4 v000001e38ef140f0_0;
    %parti/s 8, 0, 2;
    %store/vec4 v000001e38ef13dd0_0, 0, 8;
    %load/vec4 v000001e38ef13d30_0;
    %parti/s 6, 0, 2;
    %store/vec4 v000001e38ef13f10_0, 0, 6;
    %load/vec4 v000001e38ef13fb0_0;
    %parti/s 8, 0, 2;
    %store/vec4 v000001e38ef13510_0, 0, 8;
    %pushi/vec4 3, 0, 32;
T_4.6 %dup/vec4;
    %pushi/vec4 0, 0, 32;
    %cmp/s;
    %jmp/1xz T_4.7, 5;
    %jmp/1 T_4.7, 4;
    %pushi/vec4 1, 0, 32;
    %sub;
    %wait E_000001e38eebb440;
    %jmp T_4.6;
T_4.7 ;
    %pop/vec4 1;
    %pushi/vec4 1, 0, 1;
    %store/vec4 v000001e38ef13790_0, 0, 1;
    %wait E_000001e38eebb440;
    %pushi/vec4 1, 0, 1;
    %store/vec4 v000001e38ef136f0_0, 0, 1;
    %wait E_000001e38eebb440;
    %pushi/vec4 0, 0, 1;
    %store/vec4 v000001e38ef136f0_0, 0, 1;
T_4.8 ;
    %load/vec4 v000001e38ef14410_0;
    %nor/r;
    %flag_set/vec4 8;
    %jmp/0xz T_4.9, 8;
    %wait E_000001e38eebb440;
    %jmp T_4.8;
T_4.9 ;
T_4.10 ;
    %load/vec4 v000001e38ef14410_0;
    %flag_set/vec4 8;
    %jmp/0xz T_4.11, 8;
    %vpi_call/w 3 42 "$fdisplay", v000001e38ef13c90_0, "%0d %0d", v000001e38ef13650_0, v000001e38ef142d0_0 {0 0 0};
    %wait E_000001e38eebb440;
    %jmp T_4.10;
T_4.11 ;
    %vpi_call/w 3 46 "$fclose", v000001e38ef13c90_0 {0 0 0};
    %vpi_call/w 3 47 "$finish" {0 0 0};
    %end;
    .thread T_4;
# The file index is used to find the file name in the following table.
:file_names 5;
    "N/A";
    "<interactive>";
    "-";
    "C:\Users\Jerome\Documents\GitHub\ring-array-fwi\hardware\fpga\sim\..\tb\tb_tx_pulser.sv";
    "C:\Users\Jerome\Documents\GitHub\ring-array-fwi\hardware\fpga\sim\..\rtl\tx_pulser.sv";
