#! /c/Source/iverilog-install/bin/vvp
:ivl_version "12.0 (devel)" "(s20150603-1539-g2693dd32b)";
:ivl_delay_selection "TYPICAL";
:vpi_time_precision - 12;
:vpi_module "C:\iverilog\lib\ivl\system.vpi";
:vpi_module "C:\iverilog\lib\ivl\vhdl_sys.vpi";
:vpi_module "C:\iverilog\lib\ivl\vhdl_textio.vpi";
:vpi_module "C:\iverilog\lib\ivl\v2005_math.vpi";
:vpi_module "C:\iverilog\lib\ivl\va_math.vpi";
:vpi_module "C:\iverilog\lib\ivl\v2009.vpi";
S_000001ca4f4823e0 .scope package, "$unit" "$unit" 2 1;
 .timescale 0 0;
S_000001ca4f42e5a0 .scope module, "tb_acq_stream" "tb_acq_stream" 3 9;
 .timescale -9 -12;
P_000001ca4f42e730 .param/l "ADDR_W" 1 3 15, +C4<00000000000000000000000000000110>;
P_000001ca4f42e768 .param/l "DEPTH" 1 3 13, +C4<00000000000000000000000001000000>;
P_000001ca4f42e7a0 .param/l "LEN" 1 3 16, +C4<00000000000000000000000000110000>;
P_000001ca4f42e7d8 .param/l "N_CH" 1 3 12, +C4<00000000000000000000000000001000>;
P_000001ca4f42e810 .param/l "N_ELEM" 1 3 11, +C4<00000000000000000000000000001000>;
P_000001ca4f42e848 .param/l "SAMPLE_W" 1 3 14, +C4<00000000000000000000000000010000>;
P_000001ca4f42e880 .param/l "TOTAL" 1 3 17, +C4<00000000000000000000000000110000>;
L_000001ca4f4e8200 .functor BUFT 1, C4<00>, C4<0>, C4<0>, C4<0>;
v000001ca4f4d9330_0 .net/2u *"_ivl_8", 1 0, L_000001ca4f4e8200;  1 drivers
v000001ca4f4d9f10_0 .var "acq_delay", 5 0;
v000001ca4f4da050_0 .var "acq_len", 5 0;
v000001ca4f4d91f0 .array/s "adc_data", 7 0, 15 0;
v000001ca4f4da4b0_0 .var "adc_valid", 0 0;
v000001ca4f4d9bf0_0 .var "bp", 1 0;
v000001ca4f4d9b50_0 .net "busy", 0 0, v000001ca4f4d7500_0;  1 drivers
v000001ca4f4d9470_0 .net "capture_trigger", 0 0, v000001ca4f4d7140_0;  1 drivers
v000001ca4f4d8ed0_0 .var/i "ch", 31 0;
v000001ca4f4d9510_0 .var "clk", 0 0;
v000001ca4f4d9dd0_0 .net "done", 0 0, v000001ca4f4d6ec0_0;  1 drivers
v000001ca4f4d95b0_0 .var/i "f", 31 0;
v000001ca4f4d9fb0_0 .var/i "fout", 31 0;
v000001ca4f4d89d0_0 .net/s "m_tdata", 15 0, v000001ca4f47e4a0_0;  1 drivers
v000001ca4f4d9650_0 .net "m_tlast", 0 0, v000001ca4f47e540_0;  1 drivers
v000001ca4f4d90b0_0 .net "m_tready", 0 0, L_000001ca4f4da410;  1 drivers
v000001ca4f4d9150_0 .net "m_tvalid", 0 0, v000001ca4f47e9a0_0;  1 drivers
v000001ca4f4da0f0_0 .var "rst_n", 0 0;
v000001ca4f4d8c50 .array/s "smem", 3071 0, 15 0;
v000001ca4f4d8f70_0 .var "start", 0 0;
v000001ca4f4da230_0 .var/i "t", 31 0;
v000001ca4f4da5f0_0 .net "tx_element", 2 0, v000001ca4f4d7e60_0;  1 drivers
v000001ca4f4da2d0_0 .net "tx_fire", 0 0, v000001ca4f4d6920_0;  1 drivers
L_000001ca4f4da410 .cmp/ne 2, v000001ca4f4d9bf0_0, L_000001ca4f4e8200;
S_000001ca4f454010 .scope module, "dut" "acq_stream_top" 3 32, 4 11 0, S_000001ca4f42e5a0;
 .timescale -9 -12;
    .port_info 0 /INPUT 1 "clk";
    .port_info 1 /INPUT 1 "rst_n";
    .port_info 2 /INPUT 1 "start";
    .port_info 3 /INPUT 6 "acq_delay";
    .port_info 4 /INPUT 6 "acq_len";
    .port_info 5 /INPUT 1 "adc_valid";
    .port_info 6 /INPUT 128 "adc_data";
    .port_info 7 /OUTPUT 16 "m_tdata";
    .port_info 8 /OUTPUT 1 "m_tvalid";
    .port_info 9 /OUTPUT 1 "m_tlast";
    .port_info 10 /INPUT 1 "m_tready";
    .port_info 11 /OUTPUT 3 "tx_element";
    .port_info 12 /OUTPUT 1 "tx_fire";
    .port_info 13 /OUTPUT 1 "capture_trigger";
    .port_info 14 /OUTPUT 1 "busy";
    .port_info 15 /OUTPUT 1 "done";
P_000001ca4f42e8c0 .param/l "ADDR_W" 0 4 16, +C4<00000000000000000000000000000110>;
P_000001ca4f42e8f8 .param/l "CH_W" 0 4 17, +C4<00000000000000000000000000000011>;
P_000001ca4f42e930 .param/l "DEPTH" 0 4 14, +C4<00000000000000000000000001000000>;
P_000001ca4f42e968 .param/l "N_CH" 0 4 13, +C4<00000000000000000000000000001000>;
P_000001ca4f42e9a0 .param/l "N_ELEM" 0 4 12, +C4<00000000000000000000000000001000>;
P_000001ca4f42e9d8 .param/l "SAMPLE_W" 0 4 15, +C4<00000000000000000000000000010000>;
L_000001ca4f45be60 .functor NOT 1, v000001ca4f4d7d20_0, C4<0>, C4<0>, C4<0>;
L_000001ca4f45bca0 .functor AND 1, v000001ca4f4d69c0_0, L_000001ca4f45be60, C4<1>, C4<1>;
v000001ca4f4d91f0_0 .array/port v000001ca4f4d91f0, 0;
L_000001ca4f45bd10 .functor BUFZ 16, v000001ca4f4d91f0_0, C4<0000000000000000>, C4<0000000000000000>, C4<0000000000000000>;
v000001ca4f4d91f0_1 .array/port v000001ca4f4d91f0, 1;
L_000001ca4f45bd80 .functor BUFZ 16, v000001ca4f4d91f0_1, C4<0000000000000000>, C4<0000000000000000>, C4<0000000000000000>;
v000001ca4f4d91f0_2 .array/port v000001ca4f4d91f0, 2;
L_000001ca4f45bed0 .functor BUFZ 16, v000001ca4f4d91f0_2, C4<0000000000000000>, C4<0000000000000000>, C4<0000000000000000>;
v000001ca4f4d91f0_3 .array/port v000001ca4f4d91f0, 3;
L_000001ca4f45bf40 .functor BUFZ 16, v000001ca4f4d91f0_3, C4<0000000000000000>, C4<0000000000000000>, C4<0000000000000000>;
v000001ca4f4d91f0_4 .array/port v000001ca4f4d91f0, 4;
L_000001ca4f45c170 .functor BUFZ 16, v000001ca4f4d91f0_4, C4<0000000000000000>, C4<0000000000000000>, C4<0000000000000000>;
v000001ca4f4d91f0_5 .array/port v000001ca4f4d91f0, 5;
L_000001ca4f45c410 .functor BUFZ 16, v000001ca4f4d91f0_5, C4<0000000000000000>, C4<0000000000000000>, C4<0000000000000000>;
v000001ca4f4d91f0_6 .array/port v000001ca4f4d91f0, 6;
L_000001ca4f45c020 .functor BUFZ 16, v000001ca4f4d91f0_6, C4<0000000000000000>, C4<0000000000000000>, C4<0000000000000000>;
v000001ca4f4d91f0_7 .array/port v000001ca4f4d91f0, 7;
L_000001ca4f45c090 .functor BUFZ 16, v000001ca4f4d91f0_7, C4<0000000000000000>, C4<0000000000000000>, C4<0000000000000000>;
v000001ca4f4d7280_0 .net *"_ivl_0", 0 0, L_000001ca4f45be60;  1 drivers
v000001ca4f4d6d80_0 .net "acq_delay", 5 0, v000001ca4f4d9f10_0;  1 drivers
v000001ca4f4d7780_0 .net "acq_len", 5 0, v000001ca4f4da050_0;  1 drivers
v000001ca4f4d7820 .array "adc_data", 7 0;
v000001ca4f4d7820_0 .net/s v000001ca4f4d7820 0, 15 0, v000001ca4f4d91f0_0; 1 drivers
v000001ca4f4d7820_1 .net/s v000001ca4f4d7820 1, 15 0, v000001ca4f4d91f0_1; 1 drivers
v000001ca4f4d7820_2 .net/s v000001ca4f4d7820 2, 15 0, v000001ca4f4d91f0_2; 1 drivers
v000001ca4f4d7820_3 .net/s v000001ca4f4d7820 3, 15 0, v000001ca4f4d91f0_3; 1 drivers
v000001ca4f4d7820_4 .net/s v000001ca4f4d7820 4, 15 0, v000001ca4f4d91f0_4; 1 drivers
v000001ca4f4d7820_5 .net/s v000001ca4f4d7820 5, 15 0, v000001ca4f4d91f0_5; 1 drivers
v000001ca4f4d7820_6 .net/s v000001ca4f4d7820 6, 15 0, v000001ca4f4d91f0_6; 1 drivers
v000001ca4f4d7820_7 .net/s v000001ca4f4d7820 7, 15 0, v000001ca4f4d91f0_7; 1 drivers
v000001ca4f4d8040_0 .net "adc_valid", 0 0, v000001ca4f4da4b0_0;  1 drivers
v000001ca4f4d6c40_0 .net "busy", 0 0, v000001ca4f4d7500_0;  alias, 1 drivers
v000001ca4f4d84a0_0 .net "cap_done", 0 0, v000001ca4f4d7dc0_0;  1 drivers
v000001ca4f4d8540_0 .net "capture_trigger", 0 0, v000001ca4f4d7140_0;  alias, 1 drivers
v000001ca4f4d78c0_0 .net "clk", 0 0, v000001ca4f4d9510_0;  1 drivers
v000001ca4f4d8180_0 .net "done", 0 0, v000001ca4f4d6ec0_0;  alias, 1 drivers
v000001ca4f4d7b40_0 .net "frame_taken", 0 0, v000001ca4f47f260_0;  1 drivers
v000001ca4f4d7be0_0 .net "frame_valid", 0 0, v000001ca4f4d69c0_0;  1 drivers
v000001ca4f4d7d20_0 .var "fv_d", 0 0;
v000001ca4f4d8220_0 .net/s "m_tdata", 15 0, v000001ca4f47e4a0_0;  alias, 1 drivers
v000001ca4f4d8360_0 .net "m_tlast", 0 0, v000001ca4f47e540_0;  alias, 1 drivers
v000001ca4f4d85e0_0 .net "m_tready", 0 0, L_000001ca4f4da410;  alias, 1 drivers
v000001ca4f4d6ce0_0 .net "m_tvalid", 0 0, v000001ca4f47e9a0_0;  alias, 1 drivers
v000001ca4f4d6e20_0 .net "rd_addr", 5 0, v000001ca4f47e5e0_0;  1 drivers
v000001ca4f4d6f60_0 .net "rd_ch", 2 0, v000001ca4f47ed60_0;  1 drivers
v000001ca4f4da550_0 .net/s "rd_data", 15 0, v000001ca4f4d76e0_0;  1 drivers
v000001ca4f4d9ab0_0 .net "rst_n", 0 0, v000001ca4f4da0f0_0;  1 drivers
v000001ca4f4d9d30_0 .net "start", 0 0, v000001ca4f4d8f70_0;  1 drivers
v000001ca4f4d9c90_0 .net "stream_start", 0 0, L_000001ca4f45bca0;  1 drivers
v000001ca4f4d9e70_0 .net "tx_element", 2 0, v000001ca4f4d7e60_0;  alias, 1 drivers
v000001ca4f4da190_0 .net "tx_fire", 0 0, v000001ca4f4d6920_0;  alias, 1 drivers
S_000001ca4f4541a0 .scope module, "u_axis" "axi_stream_out" 4 66, 5 11 0, S_000001ca4f454010;
 .timescale -9 -12;
    .port_info 0 /INPUT 1 "clk";
    .port_info 1 /INPUT 1 "rst_n";
    .port_info 2 /INPUT 1 "start";
    .port_info 3 /INPUT 6 "frame_len";
    .port_info 4 /OUTPUT 6 "rd_addr";
    .port_info 5 /OUTPUT 3 "rd_ch";
    .port_info 6 /INPUT 16 "rd_data";
    .port_info 7 /OUTPUT 16 "m_tdata";
    .port_info 8 /OUTPUT 1 "m_tvalid";
    .port_info 9 /OUTPUT 1 "m_tlast";
    .port_info 10 /INPUT 1 "m_tready";
    .port_info 11 /OUTPUT 1 "done";
P_000001ca4f471f70 .param/l "ADDR_W" 0 5 15, +C4<00000000000000000000000000000110>;
P_000001ca4f471fa8 .param/l "CH_W" 0 5 16, +C4<00000000000000000000000000000011>;
P_000001ca4f471fe0 .param/l "DEPTH" 0 5 13, +C4<00000000000000000000000001000000>;
P_000001ca4f472018 .param/l "N_CH" 0 5 12, +C4<00000000000000000000000000001000>;
P_000001ca4f472050 .param/l "SAMPLE_W" 0 5 14, +C4<00000000000000000000000000010000>;
enum000001ca4f3683a0 .enum4 (3)
   "IDLE" 3'b000,
   "SETUP" 3'b001,
   "RDWAIT" 3'b010,
   "LATCH" 3'b011,
   "SEND" 3'b100,
   "FIN" 3'b101
 ;
L_000001ca4f45c250 .functor AND 1, L_000001ca4f4d8e30, L_000001ca4f4d9290, C4<1>, C4<1>;
v000001ca4f47ee00_0 .net *"_ivl_0", 31 0, L_000001ca4f4d98d0;  1 drivers
L_000001ca4f4e8128 .functor BUFT 1, C4<00000000000000000000000000>, C4<0>, C4<0>, C4<0>;
v000001ca4f47eae0_0 .net *"_ivl_11", 25 0, L_000001ca4f4e8128;  1 drivers
v000001ca4f47e900_0 .net *"_ivl_12", 31 0, L_000001ca4f4d96f0;  1 drivers
L_000001ca4f4e8170 .functor BUFT 1, C4<00000000000000000000000000>, C4<0>, C4<0>, C4<0>;
v000001ca4f47f080_0 .net *"_ivl_15", 25 0, L_000001ca4f4e8170;  1 drivers
L_000001ca4f4e81b8 .functor BUFT 1, C4<00000000000000000000000000000001>, C4<0>, C4<0>, C4<0>;
v000001ca4f47e720_0 .net/2u *"_ivl_16", 31 0, L_000001ca4f4e81b8;  1 drivers
v000001ca4f47f1c0_0 .net *"_ivl_18", 31 0, L_000001ca4f4da370;  1 drivers
v000001ca4f47e7c0_0 .net *"_ivl_20", 0 0, L_000001ca4f4d9290;  1 drivers
L_000001ca4f4e8098 .functor BUFT 1, C4<00000000000000000000000000000>, C4<0>, C4<0>, C4<0>;
v000001ca4f47eb80_0 .net *"_ivl_3", 28 0, L_000001ca4f4e8098;  1 drivers
L_000001ca4f4e80e0 .functor BUFT 1, C4<00000000000000000000000000000111>, C4<0>, C4<0>, C4<0>;
v000001ca4f47eea0_0 .net/2u *"_ivl_4", 31 0, L_000001ca4f4e80e0;  1 drivers
v000001ca4f47f120_0 .net *"_ivl_6", 0 0, L_000001ca4f4d8e30;  1 drivers
v000001ca4f47e680_0 .net *"_ivl_8", 31 0, L_000001ca4f4da690;  1 drivers
v000001ca4f47e400_0 .var "ch", 2 0;
v000001ca4f47ec20_0 .net "clk", 0 0, v000001ca4f4d9510_0;  alias, 1 drivers
v000001ca4f47f260_0 .var "done", 0 0;
v000001ca4f47f300_0 .net "frame_len", 5 0, v000001ca4f4da050_0;  alias, 1 drivers
v000001ca4f47ef40_0 .net "last_beat", 0 0, L_000001ca4f45c250;  1 drivers
v000001ca4f47e4a0_0 .var/s "m_tdata", 15 0;
v000001ca4f47e540_0 .var "m_tlast", 0 0;
v000001ca4f47e860_0 .net "m_tready", 0 0, L_000001ca4f4da410;  alias, 1 drivers
v000001ca4f47e9a0_0 .var "m_tvalid", 0 0;
v000001ca4f47e5e0_0 .var "rd_addr", 5 0;
v000001ca4f47ed60_0 .var "rd_ch", 2 0;
v000001ca4f47efe0_0 .net/s "rd_data", 15 0, v000001ca4f4d76e0_0;  alias, 1 drivers
v000001ca4f4d7000_0 .net "rst_n", 0 0, v000001ca4f4da0f0_0;  alias, 1 drivers
v000001ca4f4d71e0_0 .net "start", 0 0, L_000001ca4f45bca0;  alias, 1 drivers
v000001ca4f4d8720_0 .var "state", 2 0;
v000001ca4f4d7a00_0 .var "t", 5 0;
E_000001ca4f466bb0/0 .event negedge, v000001ca4f4d7000_0;
E_000001ca4f466bb0/1 .event posedge, v000001ca4f47ec20_0;
E_000001ca4f466bb0 .event/or E_000001ca4f466bb0/0, E_000001ca4f466bb0/1;
L_000001ca4f4d98d0 .concat [ 3 29 0 0], v000001ca4f47e400_0, L_000001ca4f4e8098;
L_000001ca4f4d8e30 .cmp/eq 32, L_000001ca4f4d98d0, L_000001ca4f4e80e0;
L_000001ca4f4da690 .concat [ 6 26 0 0], v000001ca4f4d7a00_0, L_000001ca4f4e8128;
L_000001ca4f4d96f0 .concat [ 6 26 0 0], v000001ca4f4da050_0, L_000001ca4f4e8170;
L_000001ca4f4da370 .arith/sub 32, L_000001ca4f4d96f0, L_000001ca4f4e81b8;
L_000001ca4f4d9290 .cmp/eq 32, L_000001ca4f4da690, L_000001ca4f4da370;
S_000001ca4f43b9e0 .scope module, "u_cap" "rx_capture" 4 59, 6 15 0, S_000001ca4f454010;
 .timescale -9 -12;
    .port_info 0 /INPUT 1 "clk";
    .port_info 1 /INPUT 1 "rst_n";
    .port_info 2 /INPUT 1 "trigger";
    .port_info 3 /INPUT 6 "acq_delay";
    .port_info 4 /INPUT 6 "acq_len";
    .port_info 5 /INPUT 1 "adc_valid";
    .port_info 6 /INPUT 128 "adc_data";
    .port_info 7 /OUTPUT 1 "done";
    .port_info 8 /INPUT 6 "rd_addr";
    .port_info 9 /INPUT 3 "rd_ch";
    .port_info 10 /OUTPUT 16 "rd_data";
P_000001ca4f454330 .param/l "ADDR_W" 0 6 19, +C4<00000000000000000000000000000110>;
P_000001ca4f454368 .param/l "DEPTH" 0 6 17, +C4<00000000000000000000000001000000>;
P_000001ca4f4543a0 .param/l "N_CH" 0 6 16, +C4<00000000000000000000000000001000>;
P_000001ca4f4543d8 .param/l "SAMPLE_W" 0 6 18, +C4<00000000000000000000000000010000>;
enum000001ca4f367fd0 .enum4 (2)
   "IDLE" 2'b00,
   "SKIP" 2'b01,
   "CAP" 2'b10
 ;
v000001ca4f4d8680_0 .net "acq_delay", 5 0, v000001ca4f4d9f10_0;  alias, 1 drivers
v000001ca4f4d82c0_0 .net "acq_len", 5 0, v000001ca4f4da050_0;  alias, 1 drivers
v000001ca4f4d73c0 .array "adc_data", 7 0;
v000001ca4f4d73c0_0 .net/s v000001ca4f4d73c0 0, 15 0, L_000001ca4f45bd10; 1 drivers
v000001ca4f4d73c0_1 .net/s v000001ca4f4d73c0 1, 15 0, L_000001ca4f45bd80; 1 drivers
v000001ca4f4d73c0_2 .net/s v000001ca4f4d73c0 2, 15 0, L_000001ca4f45bed0; 1 drivers
v000001ca4f4d73c0_3 .net/s v000001ca4f4d73c0 3, 15 0, L_000001ca4f45bf40; 1 drivers
v000001ca4f4d73c0_4 .net/s v000001ca4f4d73c0 4, 15 0, L_000001ca4f45c170; 1 drivers
v000001ca4f4d73c0_5 .net/s v000001ca4f4d73c0 5, 15 0, L_000001ca4f45c410; 1 drivers
v000001ca4f4d73c0_6 .net/s v000001ca4f4d73c0 6, 15 0, L_000001ca4f45c020; 1 drivers
v000001ca4f4d73c0_7 .net/s v000001ca4f4d73c0 7, 15 0, L_000001ca4f45c090; 1 drivers
v000001ca4f4d7460_0 .net "adc_valid", 0 0, v000001ca4f4da4b0_0;  alias, 1 drivers
v000001ca4f4d7f00_0 .var/i "ch", 31 0;
v000001ca4f4d6b00_0 .net "clk", 0 0, v000001ca4f4d9510_0;  alias, 1 drivers
v000001ca4f4d6a60_0 .var "cnt", 6 0;
v000001ca4f4d7dc0_0 .var "done", 0 0;
v000001ca4f4d75a0 .array/s "frame_mem", 511 0, 15 0;
v000001ca4f4d7c80_0 .net "rd_addr", 5 0, v000001ca4f47e5e0_0;  alias, 1 drivers
v000001ca4f4d70a0_0 .net "rd_ch", 2 0, v000001ca4f47ed60_0;  alias, 1 drivers
v000001ca4f4d76e0_0 .var/s "rd_data", 15 0;
v000001ca4f4d8400_0 .net "rst_n", 0 0, v000001ca4f4da0f0_0;  alias, 1 drivers
v000001ca4f4d7640_0 .var "state", 1 0;
v000001ca4f4d7960_0 .net "trigger", 0 0, v000001ca4f4d7140_0;  alias, 1 drivers
E_000001ca4f4661f0 .event posedge, v000001ca4f47ec20_0;
S_000001ca4f43bb70 .scope module, "u_seq" "tx_sequencer" 4 53, 7 10 0, S_000001ca4f454010;
 .timescale -9 -12;
    .port_info 0 /INPUT 1 "clk";
    .port_info 1 /INPUT 1 "rst_n";
    .port_info 2 /INPUT 1 "start";
    .port_info 3 /INPUT 1 "capture_done";
    .port_info 4 /INPUT 1 "frame_taken";
    .port_info 5 /OUTPUT 3 "tx_element";
    .port_info 6 /OUTPUT 1 "tx_fire";
    .port_info 7 /OUTPUT 1 "capture_trigger";
    .port_info 8 /OUTPUT 1 "frame_valid";
    .port_info 9 /OUTPUT 1 "busy";
    .port_info 10 /OUTPUT 1 "done";
P_000001ca4f463fe0 .param/l "CH_W" 0 7 12, +C4<00000000000000000000000000000011>;
P_000001ca4f464018 .param/l "N_ELEM" 0 7 11, +C4<00000000000000000000000000001000>;
enum000001ca4f4653a0 .enum4 (3)
   "IDLE" 3'b000,
   "FIRE" 3'b001,
   "WAITCAP" 3'b010,
   "READOUT" 3'b011,
   "NEXTEL" 3'b100,
   "FINISH" 3'b101
 ;
v000001ca4f4d7500_0 .var "busy", 0 0;
v000001ca4f4d7fa0_0 .net "capture_done", 0 0, v000001ca4f4d7dc0_0;  alias, 1 drivers
v000001ca4f4d7140_0 .var "capture_trigger", 0 0;
v000001ca4f4d80e0_0 .net "clk", 0 0, v000001ca4f4d9510_0;  alias, 1 drivers
v000001ca4f4d6ec0_0 .var "done", 0 0;
v000001ca4f4d7320_0 .net "frame_taken", 0 0, v000001ca4f47f260_0;  alias, 1 drivers
v000001ca4f4d69c0_0 .var "frame_valid", 0 0;
v000001ca4f4d7aa0_0 .net "rst_n", 0 0, v000001ca4f4da0f0_0;  alias, 1 drivers
v000001ca4f4d87c0_0 .net "start", 0 0, v000001ca4f4d8f70_0;  alias, 1 drivers
v000001ca4f4d6ba0_0 .var "state", 2 0;
v000001ca4f4d7e60_0 .var "tx_element", 2 0;
v000001ca4f4d6920_0 .var "tx_fire", 0 0;
    .scope S_000001ca4f43bb70;
T_0 ;
    %wait E_000001ca4f466bb0;
    %load/vec4 v000001ca4f4d7aa0_0;
    %nor/r;
    %flag_set/vec4 8;
    %jmp/0xz  T_0.0, 8;
    %pushi/vec4 0, 0, 3;
    %assign/vec4 v000001ca4f4d6ba0_0, 0;
    %pushi/vec4 0, 0, 3;
    %assign/vec4 v000001ca4f4d7e60_0, 0;
    %pushi/vec4 0, 0, 1;
    %assign/vec4 v000001ca4f4d6920_0, 0;
    %pushi/vec4 0, 0, 1;
    %assign/vec4 v000001ca4f4d7140_0, 0;
    %pushi/vec4 0, 0, 1;
    %assign/vec4 v000001ca4f4d69c0_0, 0;
    %pushi/vec4 0, 0, 1;
    %assign/vec4 v000001ca4f4d7500_0, 0;
    %pushi/vec4 0, 0, 1;
    %assign/vec4 v000001ca4f4d6ec0_0, 0;
    %jmp T_0.1;
T_0.0 ;
    %pushi/vec4 0, 0, 1;
    %assign/vec4 v000001ca4f4d6920_0, 0;
    %pushi/vec4 0, 0, 1;
    %assign/vec4 v000001ca4f4d7140_0, 0;
    %pushi/vec4 0, 0, 1;
    %assign/vec4 v000001ca4f4d6ec0_0, 0;
    %load/vec4 v000001ca4f4d6ba0_0;
    %dup/vec4;
    %pushi/vec4 0, 0, 3;
    %cmp/u;
    %jmp/1 T_0.2, 6;
    %dup/vec4;
    %pushi/vec4 1, 0, 3;
    %cmp/u;
    %jmp/1 T_0.3, 6;
    %dup/vec4;
    %pushi/vec4 2, 0, 3;
    %cmp/u;
    %jmp/1 T_0.4, 6;
    %dup/vec4;
    %pushi/vec4 3, 0, 3;
    %cmp/u;
    %jmp/1 T_0.5, 6;
    %dup/vec4;
    %pushi/vec4 4, 0, 3;
    %cmp/u;
    %jmp/1 T_0.6, 6;
    %dup/vec4;
    %pushi/vec4 5, 0, 3;
    %cmp/u;
    %jmp/1 T_0.7, 6;
    %pushi/vec4 0, 0, 3;
    %assign/vec4 v000001ca4f4d6ba0_0, 0;
    %jmp T_0.9;
T_0.2 ;
    %pushi/vec4 0, 0, 1;
    %assign/vec4 v000001ca4f4d69c0_0, 0;
    %load/vec4 v000001ca4f4d87c0_0;
    %flag_set/vec4 8;
    %jmp/0xz  T_0.10, 8;
    %pushi/vec4 0, 0, 3;
    %assign/vec4 v000001ca4f4d7e60_0, 0;
    %pushi/vec4 1, 0, 1;
    %assign/vec4 v000001ca4f4d7500_0, 0;
    %pushi/vec4 1, 0, 3;
    %assign/vec4 v000001ca4f4d6ba0_0, 0;
T_0.10 ;
    %jmp T_0.9;
T_0.3 ;
    %pushi/vec4 1, 0, 1;
    %assign/vec4 v000001ca4f4d6920_0, 0;
    %pushi/vec4 1, 0, 1;
    %assign/vec4 v000001ca4f4d7140_0, 0;
    %pushi/vec4 2, 0, 3;
    %assign/vec4 v000001ca4f4d6ba0_0, 0;
    %jmp T_0.9;
T_0.4 ;
    %load/vec4 v000001ca4f4d7fa0_0;
    %flag_set/vec4 8;
    %jmp/0xz  T_0.12, 8;
    %pushi/vec4 1, 0, 1;
    %assign/vec4 v000001ca4f4d69c0_0, 0;
    %pushi/vec4 3, 0, 3;
    %assign/vec4 v000001ca4f4d6ba0_0, 0;
T_0.12 ;
    %jmp T_0.9;
T_0.5 ;
    %load/vec4 v000001ca4f4d7320_0;
    %flag_set/vec4 8;
    %jmp/0xz  T_0.14, 8;
    %pushi/vec4 0, 0, 1;
    %assign/vec4 v000001ca4f4d69c0_0, 0;
    %pushi/vec4 4, 0, 3;
    %assign/vec4 v000001ca4f4d6ba0_0, 0;
T_0.14 ;
    %jmp T_0.9;
T_0.6 ;
    %load/vec4 v000001ca4f4d7e60_0;
    %pad/u 32;
    %cmpi/e 7, 0, 32;
    %jmp/0xz  T_0.16, 4;
    %pushi/vec4 5, 0, 3;
    %assign/vec4 v000001ca4f4d6ba0_0, 0;
    %jmp T_0.17;
T_0.16 ;
    %load/vec4 v000001ca4f4d7e60_0;
    %addi 1, 0, 3;
    %assign/vec4 v000001ca4f4d7e60_0, 0;
    %pushi/vec4 1, 0, 3;
    %assign/vec4 v000001ca4f4d6ba0_0, 0;
T_0.17 ;
    %jmp T_0.9;
T_0.7 ;
    %pushi/vec4 1, 0, 1;
    %assign/vec4 v000001ca4f4d6ec0_0, 0;
    %pushi/vec4 0, 0, 1;
    %assign/vec4 v000001ca4f4d7500_0, 0;
    %pushi/vec4 0, 0, 3;
    %assign/vec4 v000001ca4f4d6ba0_0, 0;
    %jmp T_0.9;
T_0.9 ;
    %pop/vec4 1;
T_0.1 ;
    %jmp T_0;
    .thread T_0;
    .scope S_000001ca4f43b9e0;
T_1 ;
    %wait E_000001ca4f4661f0;
    %load/vec4 v000001ca4f4d70a0_0;
    %pad/u 12;
    %pad/u 18;
    %muli 64, 0, 18;
    %pad/u 19;
    %load/vec4 v000001ca4f4d7c80_0;
    %pad/u 8;
    %pad/u 19;
    %add;
    %ix/vec4 4;
    %load/vec4a v000001ca4f4d75a0, 4;
    %assign/vec4 v000001ca4f4d76e0_0, 0;
    %jmp T_1;
    .thread T_1;
    .scope S_000001ca4f43b9e0;
T_2 ;
    %wait E_000001ca4f466bb0;
    %load/vec4 v000001ca4f4d8400_0;
    %nor/r;
    %flag_set/vec4 8;
    %jmp/0xz  T_2.0, 8;
    %pushi/vec4 0, 0, 2;
    %assign/vec4 v000001ca4f4d7640_0, 0;
    %pushi/vec4 0, 0, 7;
    %assign/vec4 v000001ca4f4d6a60_0, 0;
    %pushi/vec4 0, 0, 1;
    %assign/vec4 v000001ca4f4d7dc0_0, 0;
    %jmp T_2.1;
T_2.0 ;
    %pushi/vec4 0, 0, 1;
    %assign/vec4 v000001ca4f4d7dc0_0, 0;
    %load/vec4 v000001ca4f4d7640_0;
    %dup/vec4;
    %pushi/vec4 0, 0, 2;
    %cmp/u;
    %jmp/1 T_2.2, 6;
    %dup/vec4;
    %pushi/vec4 1, 0, 2;
    %cmp/u;
    %jmp/1 T_2.3, 6;
    %dup/vec4;
    %pushi/vec4 2, 0, 2;
    %cmp/u;
    %jmp/1 T_2.4, 6;
    %pushi/vec4 0, 0, 2;
    %assign/vec4 v000001ca4f4d7640_0, 0;
    %jmp T_2.6;
T_2.2 ;
    %load/vec4 v000001ca4f4d7960_0;
    %flag_set/vec4 8;
    %jmp/0xz  T_2.7, 8;
    %pushi/vec4 0, 0, 7;
    %assign/vec4 v000001ca4f4d6a60_0, 0;
    %load/vec4 v000001ca4f4d8680_0;
    %pad/u 32;
    %cmpi/e 0, 0, 32;
    %flag_mov 8, 4;
    %jmp/0 T_2.9, 8;
    %pushi/vec4 2, 0, 2;
    %jmp/1 T_2.10, 8;
T_2.9 ; End of true expr.
    %pushi/vec4 1, 0, 2;
    %jmp/0 T_2.10, 8;
 ; End of false expr.
    %blend;
T_2.10;
    %assign/vec4 v000001ca4f4d7640_0, 0;
T_2.7 ;
    %jmp T_2.6;
T_2.3 ;
    %load/vec4 v000001ca4f4d7460_0;
    %flag_set/vec4 8;
    %jmp/0xz  T_2.11, 8;
    %load/vec4 v000001ca4f4d6a60_0;
    %pad/u 32;
    %load/vec4 v000001ca4f4d8680_0;
    %pad/u 32;
    %subi 1, 0, 32;
    %cmp/e;
    %jmp/0xz  T_2.13, 4;
    %pushi/vec4 0, 0, 7;
    %assign/vec4 v000001ca4f4d6a60_0, 0;
    %pushi/vec4 2, 0, 2;
    %assign/vec4 v000001ca4f4d7640_0, 0;
    %jmp T_2.14;
T_2.13 ;
    %load/vec4 v000001ca4f4d6a60_0;
    %addi 1, 0, 7;
    %assign/vec4 v000001ca4f4d6a60_0, 0;
T_2.14 ;
T_2.11 ;
    %jmp T_2.6;
T_2.4 ;
    %load/vec4 v000001ca4f4d7460_0;
    %flag_set/vec4 8;
    %jmp/0xz  T_2.15, 8;
    %pushi/vec4 0, 0, 32;
    %store/vec4 v000001ca4f4d7f00_0, 0, 32;
T_2.17 ;
    %load/vec4 v000001ca4f4d7f00_0;
    %cmpi/s 8, 0, 32;
    %jmp/0xz T_2.18, 5;
    %ix/getv/s 4, v000001ca4f4d7f00_0;
    %load/vec4a v000001ca4f4d73c0, 4;
    %load/vec4 v000001ca4f4d7f00_0;
    %pad/s 39;
    %pad/s 45;
    %muli 64, 0, 45;
    %pad/s 46;
    %load/vec4 v000001ca4f4d6a60_0;
    %parti/s 6, 0, 2;
    %pad/u 8;
    %pad/u 46;
    %add;
    %ix/vec4 3;
    %ix/load 4, 0, 0; Constant delay
    %assign/vec4/a/d v000001ca4f4d75a0, 0, 4;
    ; show_stmt_assign_vector: Get l-value for compressed += operand
    %load/vec4 v000001ca4f4d7f00_0;
    %pushi/vec4 1, 0, 32;
    %add;
    %store/vec4 v000001ca4f4d7f00_0, 0, 32;
    %jmp T_2.17;
T_2.18 ;
    %load/vec4 v000001ca4f4d6a60_0;
    %pad/u 32;
    %load/vec4 v000001ca4f4d82c0_0;
    %pad/u 32;
    %subi 1, 0, 32;
    %cmp/e;
    %jmp/0xz  T_2.19, 4;
    %pushi/vec4 0, 0, 2;
    %assign/vec4 v000001ca4f4d7640_0, 0;
    %pushi/vec4 1, 0, 1;
    %assign/vec4 v000001ca4f4d7dc0_0, 0;
    %jmp T_2.20;
T_2.19 ;
    %load/vec4 v000001ca4f4d6a60_0;
    %addi 1, 0, 7;
    %assign/vec4 v000001ca4f4d6a60_0, 0;
T_2.20 ;
T_2.15 ;
    %jmp T_2.6;
T_2.6 ;
    %pop/vec4 1;
T_2.1 ;
    %jmp T_2;
    .thread T_2;
    .scope S_000001ca4f4541a0;
T_3 ;
    %wait E_000001ca4f466bb0;
    %load/vec4 v000001ca4f4d7000_0;
    %nor/r;
    %flag_set/vec4 8;
    %jmp/0xz  T_3.0, 8;
    %pushi/vec4 0, 0, 3;
    %assign/vec4 v000001ca4f4d8720_0, 0;
    %pushi/vec4 0, 0, 3;
    %assign/vec4 v000001ca4f47e400_0, 0;
    %pushi/vec4 0, 0, 6;
    %assign/vec4 v000001ca4f4d7a00_0, 0;
    %pushi/vec4 0, 0, 6;
    %assign/vec4 v000001ca4f47e5e0_0, 0;
    %pushi/vec4 0, 0, 3;
    %assign/vec4 v000001ca4f47ed60_0, 0;
    %pushi/vec4 0, 0, 16;
    %assign/vec4 v000001ca4f47e4a0_0, 0;
    %pushi/vec4 0, 0, 1;
    %assign/vec4 v000001ca4f47e9a0_0, 0;
    %pushi/vec4 0, 0, 1;
    %assign/vec4 v000001ca4f47e540_0, 0;
    %pushi/vec4 0, 0, 1;
    %assign/vec4 v000001ca4f47f260_0, 0;
    %jmp T_3.1;
T_3.0 ;
    %pushi/vec4 0, 0, 1;
    %assign/vec4 v000001ca4f47f260_0, 0;
    %load/vec4 v000001ca4f4d8720_0;
    %dup/vec4;
    %pushi/vec4 0, 0, 3;
    %cmp/u;
    %jmp/1 T_3.2, 6;
    %dup/vec4;
    %pushi/vec4 1, 0, 3;
    %cmp/u;
    %jmp/1 T_3.3, 6;
    %dup/vec4;
    %pushi/vec4 2, 0, 3;
    %cmp/u;
    %jmp/1 T_3.4, 6;
    %dup/vec4;
    %pushi/vec4 3, 0, 3;
    %cmp/u;
    %jmp/1 T_3.5, 6;
    %dup/vec4;
    %pushi/vec4 4, 0, 3;
    %cmp/u;
    %jmp/1 T_3.6, 6;
    %dup/vec4;
    %pushi/vec4 5, 0, 3;
    %cmp/u;
    %jmp/1 T_3.7, 6;
    %pushi/vec4 0, 0, 3;
    %assign/vec4 v000001ca4f4d8720_0, 0;
    %jmp T_3.9;
T_3.2 ;
    %pushi/vec4 0, 0, 1;
    %assign/vec4 v000001ca4f47e9a0_0, 0;
    %load/vec4 v000001ca4f4d71e0_0;
    %flag_set/vec4 8;
    %jmp/0xz  T_3.10, 8;
    %pushi/vec4 0, 0, 3;
    %assign/vec4 v000001ca4f47e400_0, 0;
    %pushi/vec4 0, 0, 6;
    %assign/vec4 v000001ca4f4d7a00_0, 0;
    %pushi/vec4 1, 0, 3;
    %assign/vec4 v000001ca4f4d8720_0, 0;
T_3.10 ;
    %jmp T_3.9;
T_3.3 ;
    %load/vec4 v000001ca4f47e400_0;
    %assign/vec4 v000001ca4f47ed60_0, 0;
    %load/vec4 v000001ca4f4d7a00_0;
    %assign/vec4 v000001ca4f47e5e0_0, 0;
    %pushi/vec4 2, 0, 3;
    %assign/vec4 v000001ca4f4d8720_0, 0;
    %jmp T_3.9;
T_3.4 ;
    %pushi/vec4 3, 0, 3;
    %assign/vec4 v000001ca4f4d8720_0, 0;
    %jmp T_3.9;
T_3.5 ;
    %load/vec4 v000001ca4f47efe0_0;
    %assign/vec4 v000001ca4f47e4a0_0, 0;
    %load/vec4 v000001ca4f47ef40_0;
    %assign/vec4 v000001ca4f47e540_0, 0;
    %pushi/vec4 1, 0, 1;
    %assign/vec4 v000001ca4f47e9a0_0, 0;
    %pushi/vec4 4, 0, 3;
    %assign/vec4 v000001ca4f4d8720_0, 0;
    %jmp T_3.9;
T_3.6 ;
    %load/vec4 v000001ca4f47e860_0;
    %flag_set/vec4 8;
    %jmp/0xz  T_3.12, 8;
    %pushi/vec4 0, 0, 1;
    %assign/vec4 v000001ca4f47e9a0_0, 0;
    %load/vec4 v000001ca4f47ef40_0;
    %flag_set/vec4 8;
    %jmp/0xz  T_3.14, 8;
    %pushi/vec4 5, 0, 3;
    %assign/vec4 v000001ca4f4d8720_0, 0;
    %jmp T_3.15;
T_3.14 ;
    %load/vec4 v000001ca4f4d7a00_0;
    %pad/u 32;
    %load/vec4 v000001ca4f47f300_0;
    %pad/u 32;
    %subi 1, 0, 32;
    %cmp/e;
    %jmp/0xz  T_3.16, 4;
    %pushi/vec4 0, 0, 6;
    %assign/vec4 v000001ca4f4d7a00_0, 0;
    %load/vec4 v000001ca4f47e400_0;
    %addi 1, 0, 3;
    %assign/vec4 v000001ca4f47e400_0, 0;
    %jmp T_3.17;
T_3.16 ;
    %load/vec4 v000001ca4f4d7a00_0;
    %addi 1, 0, 6;
    %assign/vec4 v000001ca4f4d7a00_0, 0;
T_3.17 ;
    %pushi/vec4 1, 0, 3;
    %assign/vec4 v000001ca4f4d8720_0, 0;
T_3.15 ;
T_3.12 ;
    %jmp T_3.9;
T_3.7 ;
    %pushi/vec4 1, 0, 1;
    %assign/vec4 v000001ca4f47f260_0, 0;
    %pushi/vec4 0, 0, 3;
    %assign/vec4 v000001ca4f4d8720_0, 0;
    %jmp T_3.9;
T_3.9 ;
    %pop/vec4 1;
T_3.1 ;
    %jmp T_3;
    .thread T_3;
    .scope S_000001ca4f454010;
T_4 ;
    %wait E_000001ca4f466bb0;
    %load/vec4 v000001ca4f4d9ab0_0;
    %nor/r;
    %flag_set/vec4 8;
    %jmp/0xz  T_4.0, 8;
    %pushi/vec4 0, 0, 1;
    %assign/vec4 v000001ca4f4d7d20_0, 0;
    %jmp T_4.1;
T_4.0 ;
    %load/vec4 v000001ca4f4d7be0_0;
    %assign/vec4 v000001ca4f4d7d20_0, 0;
T_4.1 ;
    %jmp T_4;
    .thread T_4;
    .scope S_000001ca4f42e5a0;
T_5 ;
    %pushi/vec4 0, 0, 1;
    %store/vec4 v000001ca4f4d9510_0, 0, 1;
    %pushi/vec4 0, 0, 1;
    %store/vec4 v000001ca4f4da0f0_0, 0, 1;
    %pushi/vec4 0, 0, 2;
    %store/vec4 v000001ca4f4d9bf0_0, 0, 2;
    %end;
    .thread T_5, $init;
    .scope S_000001ca4f42e5a0;
T_6 ;
    %delay 5000, 0;
    %load/vec4 v000001ca4f4d9510_0;
    %inv;
    %store/vec4 v000001ca4f4d9510_0, 0, 1;
    %jmp T_6;
    .thread T_6;
    .scope S_000001ca4f42e5a0;
T_7 ;
    %wait E_000001ca4f4661f0;
    %load/vec4 v000001ca4f4d9bf0_0;
    %addi 1, 0, 2;
    %assign/vec4 v000001ca4f4d9bf0_0, 0;
    %jmp T_7;
    .thread T_7;
    .scope S_000001ca4f42e5a0;
T_8 ;
    %vpi_func 3 45 "$fopen" 32, "stream_out.txt", "w" {0 0 0};
    %store/vec4 v000001ca4f4d9fb0_0, 0, 32;
    %end;
    .thread T_8;
    .scope S_000001ca4f42e5a0;
T_9 ;
    %wait E_000001ca4f4661f0;
    %load/vec4 v000001ca4f4da0f0_0;
    %flag_set/vec4 10;
    %flag_get/vec4 10;
    %jmp/0 T_9.3, 10;
    %load/vec4 v000001ca4f4d9150_0;
    %and;
T_9.3;
    %flag_set/vec4 9;
    %flag_get/vec4 9;
    %jmp/0 T_9.2, 9;
    %load/vec4 v000001ca4f4d90b0_0;
    %and;
T_9.2;
    %flag_set/vec4 8;
    %jmp/0xz  T_9.0, 8;
    %vpi_call/w 3 48 "$fdisplay", v000001ca4f4d9fb0_0, "%0d %0d", v000001ca4f4d89d0_0, v000001ca4f4d9650_0 {0 0 0};
T_9.0 ;
    %jmp T_9;
    .thread T_9;
    .scope S_000001ca4f42e5a0;
T_10 ;
    %vpi_call/w 3 51 "$readmemh", "acq_samples.hex", v000001ca4f4d8c50 {0 0 0};
    %pushi/vec4 0, 0, 1;
    %store/vec4 v000001ca4f4d8f70_0, 0, 1;
    %pushi/vec4 0, 0, 1;
    %store/vec4 v000001ca4f4da4b0_0, 0, 1;
    %pushi/vec4 0, 0, 6;
    %store/vec4 v000001ca4f4d9f10_0, 0, 6;
    %pushi/vec4 48, 0, 6;
    %store/vec4 v000001ca4f4da050_0, 0, 6;
    %pushi/vec4 0, 0, 32;
    %store/vec4 v000001ca4f4d8ed0_0, 0, 32;
T_10.0 ;
    %load/vec4 v000001ca4f4d8ed0_0;
    %cmpi/s 8, 0, 32;
    %jmp/0xz T_10.1, 5;
    %pushi/vec4 0, 0, 16;
    %ix/getv/s 4, v000001ca4f4d8ed0_0;
    %store/vec4a v000001ca4f4d91f0, 4, 0;
    ; show_stmt_assign_vector: Get l-value for compressed += operand
    %load/vec4 v000001ca4f4d8ed0_0;
    %pushi/vec4 1, 0, 32;
    %add;
    %store/vec4 v000001ca4f4d8ed0_0, 0, 32;
    %jmp T_10.0;
T_10.1 ;
    %pushi/vec4 3, 0, 32;
T_10.2 %dup/vec4;
    %pushi/vec4 0, 0, 32;
    %cmp/s;
    %jmp/1xz T_10.3, 5;
    %jmp/1 T_10.3, 4;
    %pushi/vec4 1, 0, 32;
    %sub;
    %wait E_000001ca4f4661f0;
    %jmp T_10.2;
T_10.3 ;
    %pop/vec4 1;
    %pushi/vec4 1, 0, 1;
    %store/vec4 v000001ca4f4da0f0_0, 0, 1;
    %wait E_000001ca4f4661f0;
    %pushi/vec4 1, 0, 1;
    %store/vec4 v000001ca4f4d8f70_0, 0, 1;
    %wait E_000001ca4f4661f0;
    %pushi/vec4 0, 0, 1;
    %store/vec4 v000001ca4f4d8f70_0, 0, 1;
    %pushi/vec4 0, 0, 32;
    %store/vec4 v000001ca4f4d95b0_0, 0, 32;
T_10.4 ;
    %load/vec4 v000001ca4f4d95b0_0;
    %cmpi/s 8, 0, 32;
    %jmp/0xz T_10.5, 5;
T_10.6 ;
    %load/vec4 v000001ca4f4d9470_0;
    %nor/r;
    %flag_set/vec4 8;
    %jmp/0xz T_10.7, 8;
    %wait E_000001ca4f4661f0;
    %jmp T_10.6;
T_10.7 ;
    %wait E_000001ca4f4661f0;
    %pushi/vec4 0, 0, 32;
    %store/vec4 v000001ca4f4da230_0, 0, 32;
T_10.8 ;
    %load/vec4 v000001ca4f4da230_0;
    %cmpi/s 48, 0, 32;
    %jmp/0xz T_10.9, 5;
    %pushi/vec4 1, 0, 1;
    %store/vec4 v000001ca4f4da4b0_0, 0, 1;
    %pushi/vec4 0, 0, 32;
    %store/vec4 v000001ca4f4d8ed0_0, 0, 32;
T_10.10 ;
    %load/vec4 v000001ca4f4d8ed0_0;
    %cmpi/s 8, 0, 32;
    %jmp/0xz T_10.11, 5;
    %load/vec4 v000001ca4f4d95b0_0;
    %muli 8, 0, 32;
    %muli 48, 0, 32;
    %load/vec4 v000001ca4f4d8ed0_0;
    %muli 48, 0, 32;
    %add;
    %load/vec4 v000001ca4f4da230_0;
    %add;
    %ix/vec4/s 4;
    %load/vec4a v000001ca4f4d8c50, 4;
    %ix/getv/s 4, v000001ca4f4d8ed0_0;
    %store/vec4a v000001ca4f4d91f0, 4, 0;
    ; show_stmt_assign_vector: Get l-value for compressed += operand
    %load/vec4 v000001ca4f4d8ed0_0;
    %pushi/vec4 1, 0, 32;
    %add;
    %store/vec4 v000001ca4f4d8ed0_0, 0, 32;
    %jmp T_10.10;
T_10.11 ;
    %wait E_000001ca4f4661f0;
    ; show_stmt_assign_vector: Get l-value for compressed += operand
    %load/vec4 v000001ca4f4da230_0;
    %pushi/vec4 1, 0, 32;
    %add;
    %store/vec4 v000001ca4f4da230_0, 0, 32;
    %jmp T_10.8;
T_10.9 ;
    %pushi/vec4 0, 0, 1;
    %store/vec4 v000001ca4f4da4b0_0, 0, 1;
    ; show_stmt_assign_vector: Get l-value for compressed += operand
    %load/vec4 v000001ca4f4d95b0_0;
    %pushi/vec4 1, 0, 32;
    %add;
    %store/vec4 v000001ca4f4d95b0_0, 0, 32;
    %jmp T_10.4;
T_10.5 ;
T_10.12 ;
    %load/vec4 v000001ca4f4d9dd0_0;
    %nor/r;
    %flag_set/vec4 8;
    %jmp/0xz T_10.13, 8;
    %wait E_000001ca4f4661f0;
    %jmp T_10.12;
T_10.13 ;
    %pushi/vec4 10, 0, 32;
T_10.14 %dup/vec4;
    %pushi/vec4 0, 0, 32;
    %cmp/s;
    %jmp/1xz T_10.15, 5;
    %jmp/1 T_10.15, 4;
    %pushi/vec4 1, 0, 32;
    %sub;
    %wait E_000001ca4f4661f0;
    %jmp T_10.14;
T_10.15 ;
    %pop/vec4 1;
    %vpi_call/w 3 74 "$fclose", v000001ca4f4d9fb0_0 {0 0 0};
    %vpi_call/w 3 75 "$finish" {0 0 0};
    %end;
    .thread T_10;
# The file index is used to find the file name in the following table.
:file_names 8;
    "N/A";
    "<interactive>";
    "-";
    "C:\Users\Jerome\Documents\GitHub\ring-array-fwi\hardware\fpga\sim\..\tb\tb_acq_stream.sv";
    "C:\Users\Jerome\Documents\GitHub\ring-array-fwi\hardware\fpga\sim\..\rtl\acq_stream_top.sv";
    "C:\Users\Jerome\Documents\GitHub\ring-array-fwi\hardware\fpga\sim\..\rtl\axi_stream_out.sv";
    "C:\Users\Jerome\Documents\GitHub\ring-array-fwi\hardware\fpga\sim\..\rtl\rx_capture.sv";
    "C:\Users\Jerome\Documents\GitHub\ring-array-fwi\hardware\fpga\sim\..\rtl\tx_sequencer.sv";
